  gameManager.cpp
C:\Users\Pavlo\source\repos\FugasInterProject\FugasInterProject\hero.h(9,7): error C2039: 'string': is not a member of 'std'
C:\Users\Pavlo\source\repos\FugasInterProject\FugasInterProject\predefined C++ types (compiler internal)(340): message : see declaration of 'std'
C:\Users\Pavlo\source\repos\FugasInterProject\FugasInterProject\hero.h(9,14): error C3646: 'name': unknown override specifier
C:\Users\Pavlo\source\repos\FugasInterProject\FugasInterProject\hero.h(9,18): error C4430: missing type specifier - int assumed. Note: C++ does not support default-int
C:\Users\Pavlo\source\repos\FugasInterProject\FugasInterProject\hero.h(14,20): error C2039: 'string': is not a member of 'std'
C:\Users\Pavlo\source\repos\FugasInterProject\FugasInterProject\predefined C++ types (compiler internal)(340): message : see declaration of 'std'
C:\Users\Pavlo\source\repos\FugasInterProject\FugasInterProject\hero.h(14,6): error C2061: syntax error: identifier 'string'
C:\Users\Pavlo\source\repos\FugasInterProject\FugasInterProject\hero.h(16,7): error C2039: 'string': is not a member of 'std'
C:\Users\Pavlo\source\repos\FugasInterProject\FugasInterProject\predefined C++ types (compiler internal)(340): message : see declaration of 'std'
C:\Users\Pavlo\source\repos\FugasInterProject\FugasInterProject\hero.h(16,14): error C3646: 'getName': unknown override specifier
C:\Users\Pavlo\source\repos\FugasInterProject\FugasInterProject\hero.h(16,21): error C2059: syntax error: '('
C:\Users\Pavlo\source\repos\FugasInterProject\FugasInterProject\hero.h(16,23): error C2238: unexpected token(s) preceding ';'
C:\Users\Pavlo\source\repos\FugasInterProject\FugasInterProject\hero.h(22,14): error C2039: 'ostream': is not a member of 'std'
C:\Users\Pavlo\source\repos\FugasInterProject\FugasInterProject\predefined C++ types (compiler internal)(340): message : see declaration of 'std'
C:\Users\Pavlo\source\repos\FugasInterProject\FugasInterProject\hero.h(22,21): error C2143: syntax error: missing ';' before '&'
C:\Users\Pavlo\source\repos\FugasInterProject\FugasInterProject\hero.h(22,21): error C2433: 'ostream': 'friend' not permitted on data declarations
C:\Users\Pavlo\source\repos\FugasInterProject\FugasInterProject\hero.h(22,21): error C4430: missing type specifier - int assumed. Note: C++ does not support default-int
C:\Users\Pavlo\source\repos\FugasInterProject\FugasInterProject\hero.h(22,40): error C2039: 'ostream': is not a member of 'std'
C:\Users\Pavlo\source\repos\FugasInterProject\FugasInterProject\predefined C++ types (compiler internal)(340): message : see declaration of 'std'
C:\Users\Pavlo\source\repos\FugasInterProject\FugasInterProject\hero.h(22,71): error C2238: unexpected token(s) preceding ';'
C:\Users\Pavlo\source\repos\FugasInterProject\FugasInterProject\team.h(7,7): error C2039: 'string': is not a member of 'std'
C:\Users\Pavlo\source\repos\FugasInterProject\FugasInterProject\predefined C++ types (compiler internal)(340): message : see declaration of 'std'
C:\Users\Pavlo\source\repos\FugasInterProject\FugasInterProject\team.h(7,14): error C3646: 'name': unknown override specifier
C:\Users\Pavlo\source\repos\FugasInterProject\FugasInterProject\team.h(7,18): error C4430: missing type specifier - int assumed. Note: C++ does not support default-int
C:\Users\Pavlo\source\repos\FugasInterProject\FugasInterProject\team.h(8,9): error C3646: 'players': unknown override specifier
C:\Users\Pavlo\source\repos\FugasInterProject\FugasInterProject\team.h(8,16): error C2143: syntax error: missing ',' before '['
C:\Users\Pavlo\source\repos\FugasInterProject\FugasInterProject\team.h(8,19): error C2238: unexpected token(s) preceding ';'
C:\Users\Pavlo\source\repos\FugasInterProject\FugasInterProject\team.h(13,12): error C2039: 'string': is not a member of 'std'
C:\Users\Pavlo\source\repos\FugasInterProject\FugasInterProject\predefined C++ types (compiler internal)(340): message : see declaration of 'std'
C:\Users\Pavlo\source\repos\FugasInterProject\FugasInterProject\team.h(13,6): error C2061: syntax error: identifier 'string'
C:\Users\Pavlo\source\repos\FugasInterProject\FugasInterProject\team.h(13,6): error C2535: 'Team::Team(void)': member function already defined or declared
C:\Users\Pavlo\source\repos\FugasInterProject\FugasInterProject\team.h(11): message : see declaration of 'Team::Team'
C:\Users\Pavlo\source\repos\FugasInterProject\FugasInterProject\team.h(15,12): error C2039: 'string': is not a member of 'std'
C:\Users\Pavlo\source\repos\FugasInterProject\FugasInterProject\predefined C++ types (compiler internal)(340): message : see declaration of 'std'
C:\Users\Pavlo\source\repos\FugasInterProject\FugasInterProject\team.h(15,6): error C2061: syntax error: identifier 'string'
C:\Users\Pavlo\source\repos\FugasInterProject\FugasInterProject\team.h(15,6): error C2535: 'Team::Team(void)': member function already defined or declared
C:\Users\Pavlo\source\repos\FugasInterProject\FugasInterProject\team.h(11): message : see declaration of 'Team::Team'
C:\Users\Pavlo\source\repos\FugasInterProject\FugasInterProject\player.h(10,7): error C2039: 'string': is not a member of 'std'
C:\Users\Pavlo\source\repos\FugasInterProject\FugasInterProject\predefined C++ types (compiler internal)(340): message : see declaration of 'std'
C:\Users\Pavlo\source\repos\FugasInterProject\FugasInterProject\player.h(10,14): error C3646: 'name': unknown override specifier
C:\Users\Pavlo\source\repos\FugasInterProject\FugasInterProject\player.h(10,18): error C4430: missing type specifier - int assumed. Note: C++ does not support default-int
C:\Users\Pavlo\source\repos\FugasInterProject\FugasInterProject\player.h(14,22): error C2039: 'string': is not a member of 'std'
C:\Users\Pavlo\source\repos\FugasInterProject\FugasInterProject\predefined C++ types (compiler internal)(340): message : see declaration of 'std'
C:\Users\Pavlo\source\repos\FugasInterProject\FugasInterProject\player.h(14,8): error C2061: syntax error: identifier 'string'
C:\Users\Pavlo\source\repos\FugasInterProject\FugasInterProject\player.h(16,7): error C2039: 'string': is not a member of 'std'
C:\Users\Pavlo\source\repos\FugasInterProject\FugasInterProject\predefined C++ types (compiler internal)(340): message : see declaration of 'std'
C:\Users\Pavlo\source\repos\FugasInterProject\FugasInterProject\player.h(16,14): error C3646: 'getName': unknown override specifier
C:\Users\Pavlo\source\repos\FugasInterProject\FugasInterProject\player.h(16,21): error C2059: syntax error: '('
C:\Users\Pavlo\source\repos\FugasInterProject\FugasInterProject\player.h(16,23): error C2238: unexpected token(s) preceding ';'
C:\Users\Pavlo\source\repos\FugasInterProject\FugasInterProject\player.h(21,14): error C2039: 'ostream': is not a member of 'std'
C:\Users\Pavlo\source\repos\FugasInterProject\FugasInterProject\predefined C++ types (compiler internal)(340): message : see declaration of 'std'
C:\Users\Pavlo\source\repos\FugasInterProject\FugasInterProject\player.h(21,21): error C2143: syntax error: missing ';' before '&'
C:\Users\Pavlo\source\repos\FugasInterProject\FugasInterProject\player.h(21,21): error C2433: 'ostream': 'friend' not permitted on data declarations
C:\Users\Pavlo\source\repos\FugasInterProject\FugasInterProject\player.h(21,21): error C4430: missing type specifier - int assumed. Note: C++ does not support default-int
C:\Users\Pavlo\source\repos\FugasInterProject\FugasInterProject\player.h(21,40): error C2039: 'ostream': is not a member of 'std'
C:\Users\Pavlo\source\repos\FugasInterProject\FugasInterProject\predefined C++ types (compiler internal)(340): message : see declaration of 'std'
C:\Users\Pavlo\source\repos\FugasInterProject\FugasInterProject\player.h(21,75): error C2238: unexpected token(s) preceding ';'
C:\Users\Pavlo\source\repos\FugasInterProject\FugasInterProject\HeroManager.h(7,7): error C2039: 'vector': is not a member of 'std'
C:\Users\Pavlo\source\repos\FugasInterProject\FugasInterProject\predefined C++ types (compiler internal)(340): message : see declaration of 'std'
C:\Users\Pavlo\source\repos\FugasInterProject\FugasInterProject\HeroManager.h(7,13): error C2143: syntax error: missing ';' before '<'
C:\Users\Pavlo\source\repos\FugasInterProject\FugasInterProject\HeroManager.h(7,13): error C4430: missing type specifier - int assumed. Note: C++ does not support default-int
C:\Users\Pavlo\source\repos\FugasInterProject\FugasInterProject\HeroManager.h(7,25): error C2334: unexpected token(s) preceding '{'; skipping apparent function body
C:\Users\Pavlo\source\repos\FugasInterProject\FugasInterProject\HeroManager.h(26,26): error C2039: 'string': is not a member of 'std'
C:\Users\Pavlo\source\repos\FugasInterProject\FugasInterProject\predefined C++ types (compiler internal)(340): message : see declaration of 'std'
C:\Users\Pavlo\source\repos\FugasInterProject\FugasInterProject\HeroManager.h(26,33): error C2061: syntax error: identifier 'string'
C:\Users\Pavlo\source\repos\FugasInterProject\FugasInterProject\PlayerManager.h(9,7): error C2039: 'vector': is not a member of 'std'
C:\Users\Pavlo\source\repos\FugasInterProject\FugasInterProject\predefined C++ types (compiler internal)(340): message : see declaration of 'std'
C:\Users\Pavlo\source\repos\FugasInterProject\FugasInterProject\PlayerManager.h(9,13): error C2143: syntax error: missing ';' before '<'
C:\Users\Pavlo\source\repos\FugasInterProject\FugasInterProject\PlayerManager.h(9,13): error C4430: missing type specifier - int assumed. Note: C++ does not support default-int
C:\Users\Pavlo\source\repos\FugasInterProject\FugasInterProject\PlayerManager.h(9,29): error C2334: unexpected token(s) preceding '{'; skipping apparent function body
C:\Users\Pavlo\source\repos\FugasInterProject\FugasInterProject\PlayerManager.h(33,33): error C2039: 'string': is not a member of 'std'
C:\Users\Pavlo\source\repos\FugasInterProject\FugasInterProject\predefined C++ types (compiler internal)(340): message : see declaration of 'std'
C:\Users\Pavlo\source\repos\FugasInterProject\FugasInterProject\PlayerManager.h(33,40): error C2061: syntax error: identifier 'string'
C:\Users\Pavlo\source\repos\FugasInterProject\FugasInterProject\TeamManager.h(11,28): error C2039: 'string': is not a member of 'std'
C:\Program Files\Microsoft Visual Studio\2022\Community\VC\Tools\MSVC\14.30.30705\include\ctime(21): message : see declaration of 'std'
C:\Users\Pavlo\source\repos\FugasInterProject\FugasInterProject\TeamManager.h(11,35): error C2061: syntax error: identifier 'string'
C:\Users\Pavlo\source\repos\FugasInterProject\FugasInterProject\gameManager.cpp(16,54): error C2660: 'TeamManager::generateNewTeam': function does not take 1 arguments
C:\Users\Pavlo\source\repos\FugasInterProject\FugasInterProject\TeamManager.h(11,7): message : see declaration of 'TeamManager::generateNewTeam'
C:\Users\Pavlo\source\repos\FugasInterProject\FugasInterProject\gameManager.cpp(20,54): error C2660: 'TeamManager::generateNewTeam': function does not take 1 arguments
C:\Users\Pavlo\source\repos\FugasInterProject\FugasInterProject\TeamManager.h(11,7): message : see declaration of 'TeamManager::generateNewTeam'
C:\Users\Pavlo\source\repos\FugasInterProject\FugasInterProject\gameManager.cpp(46,33): error C2039: 'players': is not a member of 'Team'
C:\Users\Pavlo\source\repos\FugasInterProject\FugasInterProject\team.h(4): message : see declaration of 'Team'
C:\Users\Pavlo\source\repos\FugasInterProject\FugasInterProject\gameManager.cpp(46,2): error C2530: 'player': references must be initialized
C:\Users\Pavlo\source\repos\FugasInterProject\FugasInterProject\gameManager.cpp(46,2): error C3531: 'player': a symbol whose type contains 'auto' must have an initializer
C:\Users\Pavlo\source\repos\FugasInterProject\FugasInterProject\gameManager.cpp(46,20): error C2143: syntax error: missing ';' before ':'
C:\Users\Pavlo\source\repos\FugasInterProject\FugasInterProject\gameManager.cpp(46,40): error C2143: syntax error: missing ';' before ')'
C:\Users\Pavlo\source\repos\FugasInterProject\FugasInterProject\gameManager.cpp(54,32): error C2039: 'players': is not a member of 'Team'
C:\Users\Pavlo\source\repos\FugasInterProject\FugasInterProject\team.h(4): message : see declaration of 'Team'
C:\Users\Pavlo\source\repos\FugasInterProject\FugasInterProject\gameManager.cpp(54,2): error C2530: 'player': references must be initialized
C:\Users\Pavlo\source\repos\FugasInterProject\FugasInterProject\gameManager.cpp(54,2): error C3531: 'player': a symbol whose type contains 'auto' must have an initializer
C:\Users\Pavlo\source\repos\FugasInterProject\FugasInterProject\gameManager.cpp(54,20): error C2143: syntax error: missing ';' before ':'
C:\Users\Pavlo\source\repos\FugasInterProject\FugasInterProject\gameManager.cpp(54,39): error C2143: syntax error: missing ';' before ')'
  hero.cpp
C:\Users\Pavlo\source\repos\FugasInterProject\FugasInterProject\team.h(7,7): error C2039: 'string': is not a member of 'std'
C:\Users\Pavlo\source\repos\FugasInterProject\FugasInterProject\predefined C++ types (compiler internal)(340): message : see declaration of 'std'
C:\Users\Pavlo\source\repos\FugasInterProject\FugasInterProject\team.h(7,14): error C3646: 'name': unknown override specifier
C:\Users\Pavlo\source\repos\FugasInterProject\FugasInterProject\team.h(7,18): error C4430: missing type specifier - int assumed. Note: C++ does not support default-int
C:\Users\Pavlo\source\repos\FugasInterProject\FugasInterProject\team.h(8,9): error C3646: 'players': unknown override specifier
C:\Users\Pavlo\source\repos\FugasInterProject\FugasInterProject\team.h(8,16): error C2143: syntax error: missing ',' before '['
C:\Users\Pavlo\source\repos\FugasInterProject\FugasInterProject\team.h(8,19): error C2238: unexpected token(s) preceding ';'
C:\Users\Pavlo\source\repos\FugasInterProject\FugasInterProject\team.h(9,7): error C3646: 'heroes': unknown override specifier
C:\Users\Pavlo\source\repos\FugasInterProject\FugasInterProject\team.h(9,13): error C2143: syntax error: missing ',' before '['
C:\Users\Pavlo\source\repos\FugasInterProject\FugasInterProject\team.h(9,16): error C2238: unexpected token(s) preceding ';'
C:\Users\Pavlo\source\repos\FugasInterProject\FugasInterProject\team.h(13,12): error C2039: 'string': is not a member of 'std'
C:\Users\Pavlo\source\repos\FugasInterProject\FugasInterProject\predefined C++ types (compiler internal)(340): message : see declaration of 'std'
C:\Users\Pavlo\source\repos\FugasInterProject\FugasInterProject\team.h(13,6): error C2061: syntax error: identifier 'string'
C:\Users\Pavlo\source\repos\FugasInterProject\FugasInterProject\team.h(13,6): error C2535: 'Team::Team(void)': member function already defined or declared
C:\Users\Pavlo\source\repos\FugasInterProject\FugasInterProject\team.h(11): message : see declaration of 'Team::Team'
C:\Users\Pavlo\source\repos\FugasInterProject\FugasInterProject\team.h(15,12): error C2039: 'string': is not a member of 'std'
C:\Users\Pavlo\source\repos\FugasInterProject\FugasInterProject\predefined C++ types (compiler internal)(340): message : see declaration of 'std'
C:\Users\Pavlo\source\repos\FugasInterProject\FugasInterProject\team.h(15,6): error C2061: syntax error: identifier 'string'
C:\Users\Pavlo\source\repos\FugasInterProject\FugasInterProject\team.h(15,6): error C2535: 'Team::Team(void)': member function already defined or declared
C:\Users\Pavlo\source\repos\FugasInterProject\FugasInterProject\team.h(11): message : see declaration of 'Team::Team'
C:\Users\Pavlo\source\repos\FugasInterProject\FugasInterProject\player.h(10,7): error C2039: 'string': is not a member of 'std'
C:\Users\Pavlo\source\repos\FugasInterProject\FugasInterProject\predefined C++ types (compiler internal)(340): message : see declaration of 'std'
C:\Users\Pavlo\source\repos\FugasInterProject\FugasInterProject\player.h(10,14): error C3646: 'name': unknown override specifier
C:\Users\Pavlo\source\repos\FugasInterProject\FugasInterProject\player.h(10,18): error C4430: missing type specifier - int assumed. Note: C++ does not support default-int
C:\Users\Pavlo\source\repos\FugasInterProject\FugasInterProject\player.h(14,22): error C2039: 'string': is not a member of 'std'
C:\Users\Pavlo\source\repos\FugasInterProject\FugasInterProject\predefined C++ types (compiler internal)(340): message : see declaration of 'std'
C:\Users\Pavlo\source\repos\FugasInterProject\FugasInterProject\player.h(14,8): error C2061: syntax error: identifier 'string'
C:\Users\Pavlo\source\repos\FugasInterProject\FugasInterProject\player.h(16,7): error C2039: 'string': is not a member of 'std'
C:\Users\Pavlo\source\repos\FugasInterProject\FugasInterProject\predefined C++ types (compiler internal)(340): message : see declaration of 'std'
C:\Users\Pavlo\source\repos\FugasInterProject\FugasInterProject\player.h(16,14): error C3646: 'getName': unknown override specifier
C:\Users\Pavlo\source\repos\FugasInterProject\FugasInterProject\player.h(16,21): error C2059: syntax error: '('
C:\Users\Pavlo\source\repos\FugasInterProject\FugasInterProject\player.h(16,23): error C2238: unexpected token(s) preceding ';'
C:\Users\Pavlo\source\repos\FugasInterProject\FugasInterProject\player.h(21,14): error C2039: 'ostream': is not a member of 'std'
C:\Users\Pavlo\source\repos\FugasInterProject\FugasInterProject\predefined C++ types (compiler internal)(340): message : see declaration of 'std'
C:\Users\Pavlo\source\repos\FugasInterProject\FugasInterProject\player.h(21,21): error C2143: syntax error: missing ';' before '&'
C:\Users\Pavlo\source\repos\FugasInterProject\FugasInterProject\player.h(21,21): error C2433: 'ostream': 'friend' not permitted on data declarations
C:\Users\Pavlo\source\repos\FugasInterProject\FugasInterProject\player.h(21,21): error C4430: missing type specifier - int assumed. Note: C++ does not support default-int
C:\Users\Pavlo\source\repos\FugasInterProject\FugasInterProject\player.h(21,40): error C2039: 'ostream': is not a member of 'std'
C:\Users\Pavlo\source\repos\FugasInterProject\FugasInterProject\predefined C++ types (compiler internal)(340): message : see declaration of 'std'
C:\Users\Pavlo\source\repos\FugasInterProject\FugasInterProject\player.h(21,75): error C2238: unexpected token(s) preceding ';'
C:\Users\Pavlo\source\repos\FugasInterProject\FugasInterProject\HeroManager.h(7,7): error C2039: 'vector': is not a member of 'std'
C:\Users\Pavlo\source\repos\FugasInterProject\FugasInterProject\predefined C++ types (compiler internal)(340): message : see declaration of 'std'
C:\Users\Pavlo\source\repos\FugasInterProject\FugasInterProject\HeroManager.h(7,13): error C2143: syntax error: missing ';' before '<'
C:\Users\Pavlo\source\repos\FugasInterProject\FugasInterProject\HeroManager.h(7,13): error C4430: missing type specifier - int assumed. Note: C++ does not support default-int
C:\Users\Pavlo\source\repos\FugasInterProject\FugasInterProject\HeroManager.h(7,25): error C2334: unexpected token(s) preceding '{'; skipping apparent function body
C:\Users\Pavlo\source\repos\FugasInterProject\FugasInterProject\HeroManager.h(25,7): error C3646: 'createHero': unknown override specifier
C:\Users\Pavlo\source\repos\FugasInterProject\FugasInterProject\HeroManager.h(25,17): error C2059: syntax error: '('
C:\Users\Pavlo\source\repos\FugasInterProject\FugasInterProject\HeroManager.h(25,33): error C2238: unexpected token(s) preceding ';'
C:\Users\Pavlo\source\repos\FugasInterProject\FugasInterProject\HeroManager.h(26,7): error C3646: 'getHeroByName': unknown override specifier
C:\Users\Pavlo\source\repos\FugasInterProject\FugasInterProject\HeroManager.h(26,20): error C2059: syntax error: '('
C:\Users\Pavlo\source\repos\FugasInterProject\FugasInterProject\HeroManager.h(26,26): error C2039: 'string': is not a member of 'std'
C:\Users\Pavlo\source\repos\FugasInterProject\FugasInterProject\predefined C++ types (compiler internal)(340): message : see declaration of 'std'
C:\Users\Pavlo\source\repos\FugasInterProject\FugasInterProject\HeroManager.h(26,38): error C2238: unexpected token(s) preceding ';'
C:\Users\Pavlo\source\repos\FugasInterProject\FugasInterProject\HeroManager.h(27,7): error C3646: 'getHeroById': unknown override specifier
C:\Users\Pavlo\source\repos\FugasInterProject\FugasInterProject\HeroManager.h(27,18): error C2059: syntax error: '('
C:\Users\Pavlo\source\repos\FugasInterProject\FugasInterProject\HeroManager.h(27,26): error C2238: unexpected token(s) preceding ';'
C:\Users\Pavlo\source\repos\FugasInterProject\FugasInterProject\HeroManager.h(28,20): error C2061: syntax error: identifier 'Hero'
C:\Users\Pavlo\source\repos\FugasInterProject\FugasInterProject\HeroManager.h(33,7): error C3646: 'randHero': unknown override specifier
C:\Users\Pavlo\source\repos\FugasInterProject\FugasInterProject\HeroManager.h(33,15): error C2059: syntax error: '('
C:\Users\Pavlo\source\repos\FugasInterProject\FugasInterProject\HeroManager.h(33,17): error C2238: unexpected token(s) preceding ';'
C:\Users\Pavlo\source\repos\FugasInterProject\FugasInterProject\PlayerManager.h(9,7): error C2039: 'vector': is not a member of 'std'
C:\Users\Pavlo\source\repos\FugasInterProject\FugasInterProject\predefined C++ types (compiler internal)(340): message : see declaration of 'std'
C:\Users\Pavlo\source\repos\FugasInterProject\FugasInterProject\PlayerManager.h(9,13): error C2143: syntax error: missing ';' before '<'
C:\Users\Pavlo\source\repos\FugasInterProject\FugasInterProject\PlayerManager.h(9,13): error C4430: missing type specifier - int assumed. Note: C++ does not support default-int
C:\Users\Pavlo\source\repos\FugasInterProject\FugasInterProject\PlayerManager.h(9,29): error C2334: unexpected token(s) preceding '{'; skipping apparent function body
C:\Users\Pavlo\source\repos\FugasInterProject\FugasInterProject\PlayerManager.h(33,33): error C2039: 'string': is not a member of 'std'
C:\Users\Pavlo\source\repos\FugasInterProject\FugasInterProject\predefined C++ types (compiler internal)(340): message : see declaration of 'std'
C:\Users\Pavlo\source\repos\FugasInterProject\FugasInterProject\PlayerManager.h(33,40): error C2061: syntax error: identifier 'string'
C:\Users\Pavlo\source\repos\FugasInterProject\FugasInterProject\TeamManager.h(11,28): error C2039: 'string': is not a member of 'std'
C:\Program Files\Microsoft Visual Studio\2022\Community\VC\Tools\MSVC\14.30.30705\include\ctime(21): message : see declaration of 'std'
C:\Users\Pavlo\source\repos\FugasInterProject\FugasInterProject\TeamManager.h(11,35): error C2061: syntax error: identifier 'string'
  HeroManager.cpp
C:\Users\Pavlo\source\repos\FugasInterProject\FugasInterProject\hero.h(9,7): error C2039: 'string': is not a member of 'std'
C:\Users\Pavlo\source\repos\FugasInterProject\FugasInterProject\predefined C++ types (compiler internal)(340): message : see declaration of 'std'
C:\Users\Pavlo\source\repos\FugasInterProject\FugasInterProject\hero.h(9,14): error C3646: 'name': unknown override specifier
C:\Users\Pavlo\source\repos\FugasInterProject\FugasInterProject\hero.h(9,18): error C4430: missing type specifier - int assumed. Note: C++ does not support default-int
C:\Users\Pavlo\source\repos\FugasInterProject\FugasInterProject\hero.h(14,20): error C2039: 'string': is not a member of 'std'
C:\Users\Pavlo\source\repos\FugasInterProject\FugasInterProject\predefined C++ types (compiler internal)(340): message : see declaration of 'std'
C:\Users\Pavlo\source\repos\FugasInterProject\FugasInterProject\hero.h(14,6): error C2061: syntax error: identifier 'string'
C:\Users\Pavlo\source\repos\FugasInterProject\FugasInterProject\hero.h(16,7): error C2039: 'string': is not a member of 'std'
C:\Users\Pavlo\source\repos\FugasInterProject\FugasInterProject\predefined C++ types (compiler internal)(340): message : see declaration of 'std'
C:\Users\Pavlo\source\repos\FugasInterProject\FugasInterProject\hero.h(16,14): error C3646: 'getName': unknown override specifier
C:\Users\Pavlo\source\repos\FugasInterProject\FugasInterProject\hero.h(16,21): error C2059: syntax error: '('
C:\Users\Pavlo\source\repos\FugasInterProject\FugasInterProject\hero.h(16,23): error C2238: unexpected token(s) preceding ';'
C:\Users\Pavlo\source\repos\FugasInterProject\FugasInterProject\hero.h(22,14): error C2039: 'ostream': is not a member of 'std'
C:\Users\Pavlo\source\repos\FugasInterProject\FugasInterProject\predefined C++ types (compiler internal)(340): message : see declaration of 'std'
C:\Users\Pavlo\source\repos\FugasInterProject\FugasInterProject\hero.h(22,21): error C2143: syntax error: missing ';' before '&'
C:\Users\Pavlo\source\repos\FugasInterProject\FugasInterProject\hero.h(22,21): error C2433: 'ostream': 'friend' not permitted on data declarations
C:\Users\Pavlo\source\repos\FugasInterProject\FugasInterProject\hero.h(22,21): error C4430: missing type specifier - int assumed. Note: C++ does not support default-int
C:\Users\Pavlo\source\repos\FugasInterProject\FugasInterProject\hero.h(22,40): error C2039: 'ostream': is not a member of 'std'
C:\Users\Pavlo\source\repos\FugasInterProject\FugasInterProject\predefined C++ types (compiler internal)(340): message : see declaration of 'std'
C:\Users\Pavlo\source\repos\FugasInterProject\FugasInterProject\hero.h(22,71): error C2238: unexpected token(s) preceding ';'
C:\Users\Pavlo\source\repos\FugasInterProject\FugasInterProject\team.h(7,7): error C2039: 'string': is not a member of 'std'
C:\Users\Pavlo\source\repos\FugasInterProject\FugasInterProject\predefined C++ types (compiler internal)(340): message : see declaration of 'std'
C:\Users\Pavlo\source\repos\FugasInterProject\FugasInterProject\team.h(7,14): error C3646: 'name': unknown override specifier
C:\Users\Pavlo\source\repos\FugasInterProject\FugasInterProject\team.h(7,18): error C4430: missing type specifier - int assumed. Note: C++ does not support default-int
C:\Users\Pavlo\source\repos\FugasInterProject\FugasInterProject\team.h(8,9): error C3646: 'players': unknown override specifier
C:\Users\Pavlo\source\repos\FugasInterProject\FugasInterProject\team.h(8,16): error C2143: syntax error: missing ',' before '['
C:\Users\Pavlo\source\repos\FugasInterProject\FugasInterProject\team.h(8,19): error C2238: unexpected token(s) preceding ';'
C:\Users\Pavlo\source\repos\FugasInterProject\FugasInterProject\team.h(13,12): error C2039: 'string': is not a member of 'std'
C:\Users\Pavlo\source\repos\FugasInterProject\FugasInterProject\predefined C++ types (compiler internal)(340): message : see declaration of 'std'
C:\Users\Pavlo\source\repos\FugasInterProject\FugasInterProject\team.h(13,6): error C2061: syntax error: identifier 'string'
C:\Users\Pavlo\source\repos\FugasInterProject\FugasInterProject\team.h(13,6): error C2535: 'Team::Team(void)': member function already defined or declared
C:\Users\Pavlo\source\repos\FugasInterProject\FugasInterProject\team.h(11): message : see declaration of 'Team::Team'
C:\Users\Pavlo\source\repos\FugasInterProject\FugasInterProject\team.h(15,12): error C2039: 'string': is not a member of 'std'
C:\Users\Pavlo\source\repos\FugasInterProject\FugasInterProject\predefined C++ types (compiler internal)(340): message : see declaration of 'std'
C:\Users\Pavlo\source\repos\FugasInterProject\FugasInterProject\team.h(15,6): error C2061: syntax error: identifier 'string'
C:\Users\Pavlo\source\repos\FugasInterProject\FugasInterProject\team.h(15,6): error C2535: 'Team::Team(void)': member function already defined or declared
C:\Users\Pavlo\source\repos\FugasInterProject\FugasInterProject\team.h(11): message : see declaration of 'Team::Team'
C:\Users\Pavlo\source\repos\FugasInterProject\FugasInterProject\player.h(10,7): error C2039: 'string': is not a member of 'std'
C:\Users\Pavlo\source\repos\FugasInterProject\FugasInterProject\predefined C++ types (compiler internal)(340): message : see declaration of 'std'
C:\Users\Pavlo\source\repos\FugasInterProject\FugasInterProject\player.h(10,14): error C3646: 'name': unknown override specifier
C:\Users\Pavlo\source\repos\FugasInterProject\FugasInterProject\player.h(10,18): error C4430: missing type specifier - int assumed. Note: C++ does not support default-int
C:\Users\Pavlo\source\repos\FugasInterProject\FugasInterProject\player.h(14,22): error C2039: 'string': is not a member of 'std'
C:\Users\Pavlo\source\repos\FugasInterProject\FugasInterProject\predefined C++ types (compiler internal)(340): message : see declaration of 'std'
C:\Users\Pavlo\source\repos\FugasInterProject\FugasInterProject\player.h(14,8): error C2061: syntax error: identifier 'string'
C:\Users\Pavlo\source\repos\FugasInterProject\FugasInterProject\player.h(16,7): error C2039: 'string': is not a member of 'std'
C:\Users\Pavlo\source\repos\FugasInterProject\FugasInterProject\predefined C++ types (compiler internal)(340): message : see declaration of 'std'
C:\Users\Pavlo\source\repos\FugasInterProject\FugasInterProject\player.h(16,14): error C3646: 'getName': unknown override specifier
C:\Users\Pavlo\source\repos\FugasInterProject\FugasInterProject\player.h(16,21): error C2059: syntax error: '('
C:\Users\Pavlo\source\repos\FugasInterProject\FugasInterProject\player.h(16,23): error C2238: unexpected token(s) preceding ';'
C:\Users\Pavlo\source\repos\FugasInterProject\FugasInterProject\player.h(21,14): error C2039: 'ostream': is not a member of 'std'
C:\Users\Pavlo\source\repos\FugasInterProject\FugasInterProject\predefined C++ types (compiler internal)(340): message : see declaration of 'std'
C:\Users\Pavlo\source\repos\FugasInterProject\FugasInterProject\player.h(21,21): error C2143: syntax error: missing ';' before '&'
C:\Users\Pavlo\source\repos\FugasInterProject\FugasInterProject\player.h(21,21): error C2433: 'ostream': 'friend' not permitted on data declarations
C:\Users\Pavlo\source\repos\FugasInterProject\FugasInterProject\player.h(21,21): error C4430: missing type specifier - int assumed. Note: C++ does not support default-int
C:\Users\Pavlo\source\repos\FugasInterProject\FugasInterProject\player.h(21,40): error C2039: 'ostream': is not a member of 'std'
C:\Users\Pavlo\source\repos\FugasInterProject\FugasInterProject\predefined C++ types (compiler internal)(340): message : see declaration of 'std'
C:\Users\Pavlo\source\repos\FugasInterProject\FugasInterProject\player.h(21,75): error C2238: unexpected token(s) preceding ';'
C:\Users\Pavlo\source\repos\FugasInterProject\FugasInterProject\PlayerManager.h(9,7): error C2039: 'vector': is not a member of 'std'
C:\Users\Pavlo\source\repos\FugasInterProject\FugasInterProject\predefined C++ types (compiler internal)(340): message : see declaration of 'std'
C:\Users\Pavlo\source\repos\FugasInterProject\FugasInterProject\PlayerManager.h(9,13): error C2143: syntax error: missing ';' before '<'
C:\Users\Pavlo\source\repos\FugasInterProject\FugasInterProject\PlayerManager.h(9,13): error C4430: missing type specifier - int assumed. Note: C++ does not support default-int
C:\Users\Pavlo\source\repos\FugasInterProject\FugasInterProject\PlayerManager.h(9,29): error C2334: unexpected token(s) preceding '{'; skipping apparent function body
C:\Users\Pavlo\source\repos\FugasInterProject\FugasInterProject\PlayerManager.h(33,33): error C2039: 'string': is not a member of 'std'
C:\Users\Pavlo\source\repos\FugasInterProject\FugasInterProject\predefined C++ types (compiler internal)(340): message : see declaration of 'std'
C:\Users\Pavlo\source\repos\FugasInterProject\FugasInterProject\PlayerManager.h(33,40): error C2061: syntax error: identifier 'string'
C:\Users\Pavlo\source\repos\FugasInterProject\FugasInterProject\TeamManager.h(11,28): error C2039: 'string': is not a member of 'std'
C:\Program Files\Microsoft Visual Studio\2022\Community\VC\Tools\MSVC\14.30.30705\include\ctime(21): message : see declaration of 'std'
C:\Users\Pavlo\source\repos\FugasInterProject\FugasInterProject\TeamManager.h(11,35): error C2061: syntax error: identifier 'string'
C:\Users\Pavlo\source\repos\FugasInterProject\FugasInterProject\HeroManager.h(8,7): error C2440: '<function-style-cast>': cannot convert from 'initializer list' to 'Hero'
C:\Users\Pavlo\source\repos\FugasInterProject\FugasInterProject\HeroManager.h(7,25): message : No constructor could take the source type, or constructor overload resolution was ambiguous
C:\Users\Pavlo\source\repos\FugasInterProject\FugasInterProject\HeroManager.h(9,1): error C2440: '<function-style-cast>': cannot convert from 'initializer list' to 'Hero'
C:\Users\Pavlo\source\repos\FugasInterProject\FugasInterProject\HeroManager.h(9,1): message : No constructor could take the source type, or constructor overload resolution was ambiguous
C:\Users\Pavlo\source\repos\FugasInterProject\FugasInterProject\HeroManager.h(10,1): error C2440: '<function-style-cast>': cannot convert from 'initializer list' to 'Hero'
C:\Users\Pavlo\source\repos\FugasInterProject\FugasInterProject\HeroManager.h(10,1): message : No constructor could take the source type, or constructor overload resolution was ambiguous
C:\Users\Pavlo\source\repos\FugasInterProject\FugasInterProject\HeroManager.h(11,1): error C2440: '<function-style-cast>': cannot convert from 'initializer list' to 'Hero'
C:\Users\Pavlo\source\repos\FugasInterProject\FugasInterProject\HeroManager.h(11,1): message : No constructor could take the source type, or constructor overload resolution was ambiguous
C:\Users\Pavlo\source\repos\FugasInterProject\FugasInterProject\HeroManager.h(12,1): error C2440: '<function-style-cast>': cannot convert from 'initializer list' to 'Hero'
C:\Users\Pavlo\source\repos\FugasInterProject\FugasInterProject\HeroManager.h(12,1): message : No constructor could take the source type, or constructor overload resolution was ambiguous
C:\Users\Pavlo\source\repos\FugasInterProject\FugasInterProject\HeroManager.h(13,1): error C2440: '<function-style-cast>': cannot convert from 'initializer list' to 'Hero'
C:\Users\Pavlo\source\repos\FugasInterProject\FugasInterProject\HeroManager.h(13,1): message : No constructor could take the source type, or constructor overload resolution was ambiguous
C:\Users\Pavlo\source\repos\FugasInterProject\FugasInterProject\HeroManager.h(14,1): error C2440: '<function-style-cast>': cannot convert from 'initializer list' to 'Hero'
C:\Users\Pavlo\source\repos\FugasInterProject\FugasInterProject\HeroManager.h(14,1): message : No constructor could take the source type, or constructor overload resolution was ambiguous
C:\Users\Pavlo\source\repos\FugasInterProject\FugasInterProject\HeroManager.h(15,1): error C2440: '<function-style-cast>': cannot convert from 'initializer list' to 'Hero'
C:\Users\Pavlo\source\repos\FugasInterProject\FugasInterProject\HeroManager.h(15,1): message : No constructor could take the source type, or constructor overload resolution was ambiguous
C:\Users\Pavlo\source\repos\FugasInterProject\FugasInterProject\HeroManager.h(16,1): error C2440: '<function-style-cast>': cannot convert from 'initializer list' to 'Hero'
C:\Users\Pavlo\source\repos\FugasInterProject\FugasInterProject\HeroManager.h(16,1): message : No constructor could take the source type, or constructor overload resolution was ambiguous
C:\Users\Pavlo\source\repos\FugasInterProject\FugasInterProject\HeroManager.h(17,1): error C2440: '<function-style-cast>': cannot convert from 'initializer list' to 'Hero'
C:\Users\Pavlo\source\repos\FugasInterProject\FugasInterProject\HeroManager.h(17,1): message : No constructor could take the source type, or constructor overload resolution was ambiguous
C:\Users\Pavlo\source\repos\FugasInterProject\FugasInterProject\HeroManager.h(18,1): error C2440: '<function-style-cast>': cannot convert from 'initializer list' to 'Hero'
C:\Users\Pavlo\source\repos\FugasInterProject\FugasInterProject\HeroManager.h(18,1): message : No constructor could take the source type, or constructor overload resolution was ambiguous
C:\Users\Pavlo\source\repos\FugasInterProject\FugasInterProject\HeroManager.h(19,1): error C2440: '<function-style-cast>': cannot convert from 'initializer list' to 'Hero'
C:\Users\Pavlo\source\repos\FugasInterProject\FugasInterProject\HeroManager.h(19,1): message : No constructor could take the source type, or constructor overload resolution was ambiguous
C:\Users\Pavlo\source\repos\FugasInterProject\FugasInterProject\HeroManager.h(20,1): error C2440: '<function-style-cast>': cannot convert from 'initializer list' to 'Hero'
C:\Users\Pavlo\source\repos\FugasInterProject\FugasInterProject\HeroManager.h(20,1): message : No constructor could take the source type, or constructor overload resolution was ambiguous
C:\Users\Pavlo\source\repos\FugasInterProject\FugasInterProject\HeroManager.h(21,1): error C2440: '<function-style-cast>': cannot convert from 'initializer list' to 'Hero'
C:\Users\Pavlo\source\repos\FugasInterProject\FugasInterProject\HeroManager.h(21,1): message : No constructor could take the source type, or constructor overload resolution was ambiguous
C:\Users\Pavlo\source\repos\FugasInterProject\FugasInterProject\HeroManager.h(22,1): error C2440: '<function-style-cast>': cannot convert from 'initializer list' to 'Hero'
C:\Users\Pavlo\source\repos\FugasInterProject\FugasInterProject\HeroManager.h(22,1): message : No constructor could take the source type, or constructor overload resolution was ambiguous
C:\Users\Pavlo\source\repos\FugasInterProject\FugasInterProject\HeroManager.cpp(20,11): error C2039: 'name': is not a member of 'Hero'
C:\Users\Pavlo\source\repos\FugasInterProject\FugasInterProject\hero.h(5): message : see declaration of 'Hero'
C:\Users\Pavlo\source\repos\FugasInterProject\FugasInterProject\HeroManager.cpp(31,20): warning C4018: '<': signed/unsigned mismatch
C:\Users\Pavlo\source\repos\FugasInterProject\FugasInterProject\HeroManager.cpp(33,17): error C2039: 'getName': is not a member of 'Hero'
C:\Users\Pavlo\source\repos\FugasInterProject\FugasInterProject\hero.h(5): message : see declaration of 'Hero'
C:\Users\Pavlo\source\repos\FugasInterProject\FugasInterProject\HeroManager.cpp(42,20): warning C4018: '<': signed/unsigned mismatch
C:\Users\Pavlo\source\repos\FugasInterProject\FugasInterProject\HeroManager.cpp(53,31): error C2039: 'getName': is not a member of 'Hero'
C:\Users\Pavlo\source\repos\FugasInterProject\FugasInterProject\hero.h(5): message : see declaration of 'Hero'
  main.cpp
C:\Users\Pavlo\source\repos\FugasInterProject\FugasInterProject\team.h(8,9): error C3646: 'players': unknown override specifier
C:\Users\Pavlo\source\repos\FugasInterProject\FugasInterProject\team.h(8,16): error C2143: syntax error: missing ',' before '['
C:\Users\Pavlo\source\repos\FugasInterProject\FugasInterProject\team.h(8,19): error C2238: unexpected token(s) preceding ';'
C:\Users\Pavlo\source\repos\FugasInterProject\FugasInterProject\team.h(15,25): error C2061: syntax error: identifier 'Player'
C:\Users\Pavlo\source\repos\FugasInterProject\FugasInterProject\team.h(15,6): error C2535: 'Team::Team(std::string)': member function already defined or declared
C:\Users\Pavlo\source\repos\FugasInterProject\FugasInterProject\team.h(13): message : see declaration of 'Team::Team'
C:\Users\Pavlo\source\repos\FugasInterProject\FugasInterProject\HeroManager.h(7,7): error C2039: 'vector': is not a member of 'std'
C:\Program Files\Microsoft Visual Studio\2022\Community\VC\Tools\MSVC\14.30.30705\include\iostream(19): message : see declaration of 'std'
C:\Users\Pavlo\source\repos\FugasInterProject\FugasInterProject\HeroManager.h(7,13): error C2143: syntax error: missing ';' before '<'
C:\Users\Pavlo\source\repos\FugasInterProject\FugasInterProject\HeroManager.h(7,13): error C4430: missing type specifier - int assumed. Note: C++ does not support default-int
C:\Users\Pavlo\source\repos\FugasInterProject\FugasInterProject\HeroManager.h(7,25): error C2334: unexpected token(s) preceding '{'; skipping apparent function body
C:\Users\Pavlo\source\repos\FugasInterProject\FugasInterProject\PlayerManager.h(9,7): error C2039: 'vector': is not a member of 'std'
C:\Program Files\Microsoft Visual Studio\2022\Community\VC\Tools\MSVC\14.30.30705\include\iostream(19): message : see declaration of 'std'
C:\Users\Pavlo\source\repos\FugasInterProject\FugasInterProject\PlayerManager.h(9,13): error C2143: syntax error: missing ';' before '<'
C:\Users\Pavlo\source\repos\FugasInterProject\FugasInterProject\PlayerManager.h(9,13): error C4430: missing type specifier - int assumed. Note: C++ does not support default-int
C:\Users\Pavlo\source\repos\FugasInterProject\FugasInterProject\PlayerManager.h(9,29): error C2334: unexpected token(s) preceding '{'; skipping apparent function body
  player.cpp
C:\Users\Pavlo\source\repos\FugasInterProject\FugasInterProject\hero.h(9,7): error C2039: 'string': is not a member of 'std'
C:\Users\Pavlo\source\repos\FugasInterProject\FugasInterProject\predefined C++ types (compiler internal)(340): message : see declaration of 'std'
C:\Users\Pavlo\source\repos\FugasInterProject\FugasInterProject\hero.h(9,14): error C3646: 'name': unknown override specifier
C:\Users\Pavlo\source\repos\FugasInterProject\FugasInterProject\hero.h(9,18): error C4430: missing type specifier - int assumed. Note: C++ does not support default-int
C:\Users\Pavlo\source\repos\FugasInterProject\FugasInterProject\hero.h(14,20): error C2039: 'string': is not a member of 'std'
C:\Users\Pavlo\source\repos\FugasInterProject\FugasInterProject\predefined C++ types (compiler internal)(340): message : see declaration of 'std'
C:\Users\Pavlo\source\repos\FugasInterProject\FugasInterProject\hero.h(14,6): error C2061: syntax error: identifier 'string'
C:\Users\Pavlo\source\repos\FugasInterProject\FugasInterProject\hero.h(16,7): error C2039: 'string': is not a member of 'std'
C:\Users\Pavlo\source\repos\FugasInterProject\FugasInterProject\predefined C++ types (compiler internal)(340): message : see declaration of 'std'
C:\Users\Pavlo\source\repos\FugasInterProject\FugasInterProject\hero.h(16,14): error C3646: 'getName': unknown override specifier
C:\Users\Pavlo\source\repos\FugasInterProject\FugasInterProject\hero.h(16,21): error C2059: syntax error: '('
C:\Users\Pavlo\source\repos\FugasInterProject\FugasInterProject\hero.h(16,23): error C2238: unexpected token(s) preceding ';'
C:\Users\Pavlo\source\repos\FugasInterProject\FugasInterProject\hero.h(22,14): error C2039: 'ostream': is not a member of 'std'
C:\Users\Pavlo\source\repos\FugasInterProject\FugasInterProject\predefined C++ types (compiler internal)(340): message : see declaration of 'std'
C:\Users\Pavlo\source\repos\FugasInterProject\FugasInterProject\hero.h(22,21): error C2143: syntax error: missing ';' before '&'
C:\Users\Pavlo\source\repos\FugasInterProject\FugasInterProject\hero.h(22,21): error C2433: 'ostream': 'friend' not permitted on data declarations
C:\Users\Pavlo\source\repos\FugasInterProject\FugasInterProject\hero.h(22,21): error C4430: missing type specifier - int assumed. Note: C++ does not support default-int
C:\Users\Pavlo\source\repos\FugasInterProject\FugasInterProject\hero.h(22,40): error C2039: 'ostream': is not a member of 'std'
C:\Users\Pavlo\source\repos\FugasInterProject\FugasInterProject\predefined C++ types (compiler internal)(340): message : see declaration of 'std'
C:\Users\Pavlo\source\repos\FugasInterProject\FugasInterProject\hero.h(22,71): error C2238: unexpected token(s) preceding ';'
C:\Users\Pavlo\source\repos\FugasInterProject\FugasInterProject\team.h(7,7): error C2039: 'string': is not a member of 'std'
C:\Users\Pavlo\source\repos\FugasInterProject\FugasInterProject\predefined C++ types (compiler internal)(340): message : see declaration of 'std'
C:\Users\Pavlo\source\repos\FugasInterProject\FugasInterProject\team.h(7,14): error C3646: 'name': unknown override specifier
C:\Users\Pavlo\source\repos\FugasInterProject\FugasInterProject\team.h(7,18): error C4430: missing type specifier - int assumed. Note: C++ does not support default-int
C:\Users\Pavlo\source\repos\FugasInterProject\FugasInterProject\team.h(8,9): error C3646: 'players': unknown override specifier
C:\Users\Pavlo\source\repos\FugasInterProject\FugasInterProject\team.h(8,16): error C2143: syntax error: missing ',' before '['
C:\Users\Pavlo\source\repos\FugasInterProject\FugasInterProject\team.h(8,19): error C2238: unexpected token(s) preceding ';'
C:\Users\Pavlo\source\repos\FugasInterProject\FugasInterProject\team.h(13,12): error C2039: 'string': is not a member of 'std'
C:\Users\Pavlo\source\repos\FugasInterProject\FugasInterProject\predefined C++ types (compiler internal)(340): message : see declaration of 'std'
C:\Users\Pavlo\source\repos\FugasInterProject\FugasInterProject\team.h(13,6): error C2061: syntax error: identifier 'string'
C:\Users\Pavlo\source\repos\FugasInterProject\FugasInterProject\team.h(13,6): error C2535: 'Team::Team(void)': member function already defined or declared
C:\Users\Pavlo\source\repos\FugasInterProject\FugasInterProject\team.h(11): message : see declaration of 'Team::Team'
C:\Users\Pavlo\source\repos\FugasInterProject\FugasInterProject\team.h(15,12): error C2039: 'string': is not a member of 'std'
C:\Users\Pavlo\source\repos\FugasInterProject\FugasInterProject\predefined C++ types (compiler internal)(340): message : see declaration of 'std'
C:\Users\Pavlo\source\repos\FugasInterProject\FugasInterProject\team.h(15,6): error C2061: syntax error: identifier 'string'
C:\Users\Pavlo\source\repos\FugasInterProject\FugasInterProject\team.h(15,6): error C2535: 'Team::Team(void)': member function already defined or declared
C:\Users\Pavlo\source\repos\FugasInterProject\FugasInterProject\team.h(11): message : see declaration of 'Team::Team'
C:\Users\Pavlo\source\repos\FugasInterProject\FugasInterProject\HeroManager.h(7,7): error C2039: 'vector': is not a member of 'std'
C:\Users\Pavlo\source\repos\FugasInterProject\FugasInterProject\predefined C++ types (compiler internal)(340): message : see declaration of 'std'
C:\Users\Pavlo\source\repos\FugasInterProject\FugasInterProject\HeroManager.h(7,13): error C2143: syntax error: missing ';' before '<'
C:\Users\Pavlo\source\repos\FugasInterProject\FugasInterProject\HeroManager.h(7,13): error C4430: missing type specifier - int assumed. Note: C++ does not support default-int
C:\Users\Pavlo\source\repos\FugasInterProject\FugasInterProject\HeroManager.h(7,25): error C2334: unexpected token(s) preceding '{'; skipping apparent function body
C:\Users\Pavlo\source\repos\FugasInterProject\FugasInterProject\HeroManager.h(26,26): error C2039: 'string': is not a member of 'std'
C:\Users\Pavlo\source\repos\FugasInterProject\FugasInterProject\predefined C++ types (compiler internal)(340): message : see declaration of 'std'
C:\Users\Pavlo\source\repos\FugasInterProject\FugasInterProject\HeroManager.h(26,33): error C2061: syntax error: identifier 'string'
C:\Users\Pavlo\source\repos\FugasInterProject\FugasInterProject\PlayerManager.h(9,7): error C2039: 'vector': is not a member of 'std'
C:\Users\Pavlo\source\repos\FugasInterProject\FugasInterProject\predefined C++ types (compiler internal)(340): message : see declaration of 'std'
C:\Users\Pavlo\source\repos\FugasInterProject\FugasInterProject\PlayerManager.h(9,13): error C2143: syntax error: missing ';' before '<'
C:\Users\Pavlo\source\repos\FugasInterProject\FugasInterProject\PlayerManager.h(9,13): error C4430: missing type specifier - int assumed. Note: C++ does not support default-int
C:\Users\Pavlo\source\repos\FugasInterProject\FugasInterProject\PlayerManager.h(9,29): error C2334: unexpected token(s) preceding '{'; skipping apparent function body
C:\Users\Pavlo\source\repos\FugasInterProject\FugasInterProject\PlayerManager.h(29,19): error C2061: syntax error: identifier 'Player'
C:\Users\Pavlo\source\repos\FugasInterProject\FugasInterProject\PlayerManager.h(29,18): error C2535: 'PlayerManager::PlayerManager(void)': member function already defined or declared
C:\Users\Pavlo\source\repos\FugasInterProject\FugasInterProject\PlayerManager.h(28): message : see declaration of 'PlayerManager::PlayerManager'
C:\Users\Pavlo\source\repos\FugasInterProject\FugasInterProject\PlayerManager.h(32,12): error C3646: 'createPlayer': unknown override specifier
C:\Users\Pavlo\source\repos\FugasInterProject\FugasInterProject\PlayerManager.h(32,24): error C2059: syntax error: '('
C:\Users\Pavlo\source\repos\FugasInterProject\FugasInterProject\PlayerManager.h(32,44): error C2238: unexpected token(s) preceding ';'
C:\Users\Pavlo\source\repos\FugasInterProject\FugasInterProject\PlayerManager.h(33,12): error C3646: 'getPlayerByName': unknown override specifier
C:\Users\Pavlo\source\repos\FugasInterProject\FugasInterProject\PlayerManager.h(33,27): error C2059: syntax error: '('
C:\Users\Pavlo\source\repos\FugasInterProject\FugasInterProject\PlayerManager.h(33,33): error C2039: 'string': is not a member of 'std'
C:\Users\Pavlo\source\repos\FugasInterProject\FugasInterProject\predefined C++ types (compiler internal)(340): message : see declaration of 'std'
C:\Users\Pavlo\source\repos\FugasInterProject\FugasInterProject\PlayerManager.h(33,45): error C2238: unexpected token(s) preceding ';'
C:\Users\Pavlo\source\repos\FugasInterProject\FugasInterProject\PlayerManager.h(34,12): error C3646: 'getPlayerById': unknown override specifier
C:\Users\Pavlo\source\repos\FugasInterProject\FugasInterProject\PlayerManager.h(34,25): error C2059: syntax error: '('
C:\Users\Pavlo\source\repos\FugasInterProject\FugasInterProject\PlayerManager.h(34,33): error C2238: unexpected token(s) preceding ';'
C:\Users\Pavlo\source\repos\FugasInterProject\FugasInterProject\PlayerManager.h(38,12): error C3646: 'randPlayer': unknown override specifier
C:\Users\Pavlo\source\repos\FugasInterProject\FugasInterProject\PlayerManager.h(38,22): error C2059: syntax error: '('
C:\Users\Pavlo\source\repos\FugasInterProject\FugasInterProject\PlayerManager.h(38,24): error C2238: unexpected token(s) preceding ';'
C:\Users\Pavlo\source\repos\FugasInterProject\FugasInterProject\PlayerManager.h(40,26): error C2061: syntax error: identifier 'Player'
C:\Users\Pavlo\source\repos\FugasInterProject\FugasInterProject\TeamManager.h(11,28): error C2039: 'string': is not a member of 'std'
C:\Program Files\Microsoft Visual Studio\2022\Community\VC\Tools\MSVC\14.30.30705\include\ctime(21): message : see declaration of 'std'
C:\Users\Pavlo\source\repos\FugasInterProject\FugasInterProject\TeamManager.h(11,35): error C2061: syntax error: identifier 'string'
  PlayerManager.cpp
C:\Users\Pavlo\source\repos\FugasInterProject\FugasInterProject\hero.h(9,7): error C2039: 'string': is not a member of 'std'
C:\Users\Pavlo\source\repos\FugasInterProject\FugasInterProject\predefined C++ types (compiler internal)(340): message : see declaration of 'std'
C:\Users\Pavlo\source\repos\FugasInterProject\FugasInterProject\hero.h(9,14): error C3646: 'name': unknown override specifier
C:\Users\Pavlo\source\repos\FugasInterProject\FugasInterProject\hero.h(9,18): error C4430: missing type specifier - int assumed. Note: C++ does not support default-int
C:\Users\Pavlo\source\repos\FugasInterProject\FugasInterProject\hero.h(14,20): error C2039: 'string': is not a member of 'std'
C:\Users\Pavlo\source\repos\FugasInterProject\FugasInterProject\predefined C++ types (compiler internal)(340): message : see declaration of 'std'
C:\Users\Pavlo\source\repos\FugasInterProject\FugasInterProject\hero.h(14,6): error C2061: syntax error: identifier 'string'
C:\Users\Pavlo\source\repos\FugasInterProject\FugasInterProject\hero.h(16,7): error C2039: 'string': is not a member of 'std'
C:\Users\Pavlo\source\repos\FugasInterProject\FugasInterProject\predefined C++ types (compiler internal)(340): message : see declaration of 'std'
C:\Users\Pavlo\source\repos\FugasInterProject\FugasInterProject\hero.h(16,14): error C3646: 'getName': unknown override specifier
C:\Users\Pavlo\source\repos\FugasInterProject\FugasInterProject\hero.h(16,21): error C2059: syntax error: '('
C:\Users\Pavlo\source\repos\FugasInterProject\FugasInterProject\hero.h(16,23): error C2238: unexpected token(s) preceding ';'
C:\Users\Pavlo\source\repos\FugasInterProject\FugasInterProject\hero.h(22,14): error C2039: 'ostream': is not a member of 'std'
C:\Users\Pavlo\source\repos\FugasInterProject\FugasInterProject\predefined C++ types (compiler internal)(340): message : see declaration of 'std'
C:\Users\Pavlo\source\repos\FugasInterProject\FugasInterProject\hero.h(22,21): error C2143: syntax error: missing ';' before '&'
C:\Users\Pavlo\source\repos\FugasInterProject\FugasInterProject\hero.h(22,21): error C2433: 'ostream': 'friend' not permitted on data declarations
C:\Users\Pavlo\source\repos\FugasInterProject\FugasInterProject\hero.h(22,21): error C4430: missing type specifier - int assumed. Note: C++ does not support default-int
C:\Users\Pavlo\source\repos\FugasInterProject\FugasInterProject\hero.h(22,40): error C2039: 'ostream': is not a member of 'std'
C:\Users\Pavlo\source\repos\FugasInterProject\FugasInterProject\predefined C++ types (compiler internal)(340): message : see declaration of 'std'
C:\Users\Pavlo\source\repos\FugasInterProject\FugasInterProject\hero.h(22,71): error C2238: unexpected token(s) preceding ';'
C:\Users\Pavlo\source\repos\FugasInterProject\FugasInterProject\team.h(7,7): error C2039: 'string': is not a member of 'std'
C:\Users\Pavlo\source\repos\FugasInterProject\FugasInterProject\predefined C++ types (compiler internal)(340): message : see declaration of 'std'
C:\Users\Pavlo\source\repos\FugasInterProject\FugasInterProject\team.h(7,14): error C3646: 'name': unknown override specifier
C:\Users\Pavlo\source\repos\FugasInterProject\FugasInterProject\team.h(7,18): error C4430: missing type specifier - int assumed. Note: C++ does not support default-int
C:\Users\Pavlo\source\repos\FugasInterProject\FugasInterProject\team.h(8,9): error C3646: 'players': unknown override specifier
C:\Users\Pavlo\source\repos\FugasInterProject\FugasInterProject\team.h(8,16): error C2143: syntax error: missing ',' before '['
C:\Users\Pavlo\source\repos\FugasInterProject\FugasInterProject\team.h(8,19): error C2238: unexpected token(s) preceding ';'
C:\Users\Pavlo\source\repos\FugasInterProject\FugasInterProject\team.h(13,12): error C2039: 'string': is not a member of 'std'
C:\Users\Pavlo\source\repos\FugasInterProject\FugasInterProject\predefined C++ types (compiler internal)(340): message : see declaration of 'std'
C:\Users\Pavlo\source\repos\FugasInterProject\FugasInterProject\team.h(13,6): error C2061: syntax error: identifier 'string'
C:\Users\Pavlo\source\repos\FugasInterProject\FugasInterProject\team.h(13,6): error C2535: 'Team::Team(void)': member function already defined or declared
C:\Users\Pavlo\source\repos\FugasInterProject\FugasInterProject\team.h(11): message : see declaration of 'Team::Team'
C:\Users\Pavlo\source\repos\FugasInterProject\FugasInterProject\team.h(15,12): error C2039: 'string': is not a member of 'std'
C:\Users\Pavlo\source\repos\FugasInterProject\FugasInterProject\predefined C++ types (compiler internal)(340): message : see declaration of 'std'
C:\Users\Pavlo\source\repos\FugasInterProject\FugasInterProject\team.h(15,6): error C2061: syntax error: identifier 'string'
C:\Users\Pavlo\source\repos\FugasInterProject\FugasInterProject\team.h(15,6): error C2535: 'Team::Team(void)': member function already defined or declared
C:\Users\Pavlo\source\repos\FugasInterProject\FugasInterProject\team.h(11): message : see declaration of 'Team::Team'
C:\Users\Pavlo\source\repos\FugasInterProject\FugasInterProject\player.h(10,7): error C2039: 'string': is not a member of 'std'
C:\Users\Pavlo\source\repos\FugasInterProject\FugasInterProject\predefined C++ types (compiler internal)(340): message : see declaration of 'std'
C:\Users\Pavlo\source\repos\FugasInterProject\FugasInterProject\player.h(10,14): error C3646: 'name': unknown override specifier
C:\Users\Pavlo\source\repos\FugasInterProject\FugasInterProject\player.h(10,18): error C4430: missing type specifier - int assumed. Note: C++ does not support default-int
C:\Users\Pavlo\source\repos\FugasInterProject\FugasInterProject\player.h(14,22): error C2039: 'string': is not a member of 'std'
C:\Users\Pavlo\source\repos\FugasInterProject\FugasInterProject\predefined C++ types (compiler internal)(340): message : see declaration of 'std'
C:\Users\Pavlo\source\repos\FugasInterProject\FugasInterProject\player.h(14,8): error C2061: syntax error: identifier 'string'
C:\Users\Pavlo\source\repos\FugasInterProject\FugasInterProject\player.h(16,7): error C2039: 'string': is not a member of 'std'
C:\Users\Pavlo\source\repos\FugasInterProject\FugasInterProject\predefined C++ types (compiler internal)(340): message : see declaration of 'std'
C:\Users\Pavlo\source\repos\FugasInterProject\FugasInterProject\player.h(16,14): error C3646: 'getName': unknown override specifier
C:\Users\Pavlo\source\repos\FugasInterProject\FugasInterProject\player.h(16,21): error C2059: syntax error: '('
C:\Users\Pavlo\source\repos\FugasInterProject\FugasInterProject\player.h(16,23): error C2238: unexpected token(s) preceding ';'
C:\Users\Pavlo\source\repos\FugasInterProject\FugasInterProject\player.h(21,14): error C2039: 'ostream': is not a member of 'std'
C:\Users\Pavlo\source\repos\FugasInterProject\FugasInterProject\predefined C++ types (compiler internal)(340): message : see declaration of 'std'
C:\Users\Pavlo\source\repos\FugasInterProject\FugasInterProject\player.h(21,21): error C2143: syntax error: missing ';' before '&'
C:\Users\Pavlo\source\repos\FugasInterProject\FugasInterProject\player.h(21,21): error C2433: 'ostream': 'friend' not permitted on data declarations
C:\Users\Pavlo\source\repos\FugasInterProject\FugasInterProject\player.h(21,21): error C4430: missing type specifier - int assumed. Note: C++ does not support default-int
C:\Users\Pavlo\source\repos\FugasInterProject\FugasInterProject\player.h(21,40): error C2039: 'ostream': is not a member of 'std'
C:\Users\Pavlo\source\repos\FugasInterProject\FugasInterProject\predefined C++ types (compiler internal)(340): message : see declaration of 'std'
C:\Users\Pavlo\source\repos\FugasInterProject\FugasInterProject\player.h(21,75): error C2238: unexpected token(s) preceding ';'
C:\Users\Pavlo\source\repos\FugasInterProject\FugasInterProject\HeroManager.h(7,7): error C2039: 'vector': is not a member of 'std'
C:\Users\Pavlo\source\repos\FugasInterProject\FugasInterProject\predefined C++ types (compiler internal)(340): message : see declaration of 'std'
C:\Users\Pavlo\source\repos\FugasInterProject\FugasInterProject\HeroManager.h(7,13): error C2143: syntax error: missing ';' before '<'
C:\Users\Pavlo\source\repos\FugasInterProject\FugasInterProject\HeroManager.h(7,13): error C4430: missing type specifier - int assumed. Note: C++ does not support default-int
C:\Users\Pavlo\source\repos\FugasInterProject\FugasInterProject\HeroManager.h(7,25): error C2334: unexpected token(s) preceding '{'; skipping apparent function body
C:\Users\Pavlo\source\repos\FugasInterProject\FugasInterProject\HeroManager.h(26,26): error C2039: 'string': is not a member of 'std'
C:\Users\Pavlo\source\repos\FugasInterProject\FugasInterProject\predefined C++ types (compiler internal)(340): message : see declaration of 'std'
C:\Users\Pavlo\source\repos\FugasInterProject\FugasInterProject\HeroManager.h(26,33): error C2061: syntax error: identifier 'string'
C:\Users\Pavlo\source\repos\FugasInterProject\FugasInterProject\TeamManager.h(11,28): error C2039: 'string': is not a member of 'std'
C:\Program Files\Microsoft Visual Studio\2022\Community\VC\Tools\MSVC\14.30.30705\include\ctime(21): message : see declaration of 'std'
C:\Users\Pavlo\source\repos\FugasInterProject\FugasInterProject\TeamManager.h(11,35): error C2061: syntax error: identifier 'string'
C:\Users\Pavlo\source\repos\FugasInterProject\FugasInterProject\PlayerManager.h(10,9): error C2440: '<function-style-cast>': cannot convert from 'initializer list' to 'Player'
C:\Users\Pavlo\source\repos\FugasInterProject\FugasInterProject\PlayerManager.h(9,29): message : No constructor could take the source type, or constructor overload resolution was ambiguous
C:\Users\Pavlo\source\repos\FugasInterProject\FugasInterProject\PlayerManager.h(11,1): error C2440: '<function-style-cast>': cannot convert from 'initializer list' to 'Player'
C:\Users\Pavlo\source\repos\FugasInterProject\FugasInterProject\PlayerManager.h(11,1): message : No constructor could take the source type, or constructor overload resolution was ambiguous
C:\Users\Pavlo\source\repos\FugasInterProject\FugasInterProject\PlayerManager.h(12,1): error C2440: '<function-style-cast>': cannot convert from 'initializer list' to 'Player'
C:\Users\Pavlo\source\repos\FugasInterProject\FugasInterProject\PlayerManager.h(12,1): message : No constructor could take the source type, or constructor overload resolution was ambiguous
C:\Users\Pavlo\source\repos\FugasInterProject\FugasInterProject\PlayerManager.h(13,1): error C2440: '<function-style-cast>': cannot convert from 'initializer list' to 'Player'
C:\Users\Pavlo\source\repos\FugasInterProject\FugasInterProject\PlayerManager.h(13,1): message : No constructor could take the source type, or constructor overload resolution was ambiguous
C:\Users\Pavlo\source\repos\FugasInterProject\FugasInterProject\PlayerManager.h(14,1): error C2440: '<function-style-cast>': cannot convert from 'initializer list' to 'Player'
C:\Users\Pavlo\source\repos\FugasInterProject\FugasInterProject\PlayerManager.h(14,1): message : No constructor could take the source type, or constructor overload resolution was ambiguous
C:\Users\Pavlo\source\repos\FugasInterProject\FugasInterProject\PlayerManager.h(15,1): error C2440: '<function-style-cast>': cannot convert from 'initializer list' to 'Player'
C:\Users\Pavlo\source\repos\FugasInterProject\FugasInterProject\PlayerManager.h(15,1): message : No constructor could take the source type, or constructor overload resolution was ambiguous
C:\Users\Pavlo\source\repos\FugasInterProject\FugasInterProject\PlayerManager.h(16,1): error C2440: '<function-style-cast>': cannot convert from 'initializer list' to 'Player'
C:\Users\Pavlo\source\repos\FugasInterProject\FugasInterProject\PlayerManager.h(16,1): message : No constructor could take the source type, or constructor overload resolution was ambiguous
C:\Users\Pavlo\source\repos\FugasInterProject\FugasInterProject\PlayerManager.h(17,1): error C2440: '<function-style-cast>': cannot convert from 'initializer list' to 'Player'
C:\Users\Pavlo\source\repos\FugasInterProject\FugasInterProject\PlayerManager.h(17,1): message : No constructor could take the source type, or constructor overload resolution was ambiguous
C:\Users\Pavlo\source\repos\FugasInterProject\FugasInterProject\PlayerManager.h(18,1): error C2440: '<function-style-cast>': cannot convert from 'initializer list' to 'Player'
C:\Users\Pavlo\source\repos\FugasInterProject\FugasInterProject\PlayerManager.h(18,1): message : No constructor could take the source type, or constructor overload resolution was ambiguous
C:\Users\Pavlo\source\repos\FugasInterProject\FugasInterProject\PlayerManager.h(19,1): error C2440: '<function-style-cast>': cannot convert from 'initializer list' to 'Player'
C:\Users\Pavlo\source\repos\FugasInterProject\FugasInterProject\PlayerManager.h(19,1): message : No constructor could take the source type, or constructor overload resolution was ambiguous
C:\Users\Pavlo\source\repos\FugasInterProject\FugasInterProject\PlayerManager.h(20,1): error C2440: '<function-style-cast>': cannot convert from 'initializer list' to 'Player'
C:\Users\Pavlo\source\repos\FugasInterProject\FugasInterProject\PlayerManager.h(20,1): message : No constructor could take the source type, or constructor overload resolution was ambiguous
C:\Users\Pavlo\source\repos\FugasInterProject\FugasInterProject\PlayerManager.h(21,1): error C2440: '<function-style-cast>': cannot convert from 'initializer list' to 'Player'
C:\Users\Pavlo\source\repos\FugasInterProject\FugasInterProject\PlayerManager.h(21,1): message : No constructor could take the source type, or constructor overload resolution was ambiguous
C:\Users\Pavlo\source\repos\FugasInterProject\FugasInterProject\PlayerManager.h(22,1): error C2440: '<function-style-cast>': cannot convert from 'initializer list' to 'Player'
C:\Users\Pavlo\source\repos\FugasInterProject\FugasInterProject\PlayerManager.h(22,1): message : No constructor could take the source type, or constructor overload resolution was ambiguous
C:\Users\Pavlo\source\repos\FugasInterProject\FugasInterProject\PlayerManager.h(23,1): error C2440: '<function-style-cast>': cannot convert from 'initializer list' to 'Player'
C:\Users\Pavlo\source\repos\FugasInterProject\FugasInterProject\PlayerManager.h(23,1): message : No constructor could take the source type, or constructor overload resolution was ambiguous
C:\Users\Pavlo\source\repos\FugasInterProject\FugasInterProject\PlayerManager.h(24,1): error C2440: '<function-style-cast>': cannot convert from 'initializer list' to 'Player'
C:\Users\Pavlo\source\repos\FugasInterProject\FugasInterProject\PlayerManager.h(24,1): message : No constructor could take the source type, or constructor overload resolution was ambiguous
C:\Users\Pavlo\source\repos\FugasInterProject\FugasInterProject\PlayerManager.cpp(24,13): error C2039: 'name': is not a member of 'Player'
C:\Users\Pavlo\source\repos\FugasInterProject\FugasInterProject\player.h(5): message : see declaration of 'Player'
C:\Users\Pavlo\source\repos\FugasInterProject\FugasInterProject\PlayerManager.cpp(34,20): warning C4018: '<': signed/unsigned mismatch
C:\Users\Pavlo\source\repos\FugasInterProject\FugasInterProject\PlayerManager.cpp(36,18): error C2039: 'getName': is not a member of 'Player'
C:\Users\Pavlo\source\repos\FugasInterProject\FugasInterProject\player.h(5): message : see declaration of 'Player'
C:\Users\Pavlo\source\repos\FugasInterProject\FugasInterProject\PlayerManager.cpp(43,20): warning C4018: '<': signed/unsigned mismatch
C:\Users\Pavlo\source\repos\FugasInterProject\FugasInterProject\PlayerManager.cpp(52,65): error C2039: 'getName': is not a member of 'Player'
C:\Users\Pavlo\source\repos\FugasInterProject\FugasInterProject\player.h(5): message : see declaration of 'Player'
  Session.cpp
C:\Users\Pavlo\source\repos\FugasInterProject\FugasInterProject\hero.h(9,7): error C2039: 'string': is not a member of 'std'
C:\Program Files\Microsoft Visual Studio\2022\Community\VC\Tools\MSVC\14.30.30705\include\ctime(21): message : see declaration of 'std'
C:\Users\Pavlo\source\repos\FugasInterProject\FugasInterProject\hero.h(9,14): error C3646: 'name': unknown override specifier
C:\Users\Pavlo\source\repos\FugasInterProject\FugasInterProject\hero.h(9,18): error C4430: missing type specifier - int assumed. Note: C++ does not support default-int
C:\Users\Pavlo\source\repos\FugasInterProject\FugasInterProject\hero.h(14,20): error C2039: 'string': is not a member of 'std'
C:\Program Files\Microsoft Visual Studio\2022\Community\VC\Tools\MSVC\14.30.30705\include\ctime(21): message : see declaration of 'std'
C:\Users\Pavlo\source\repos\FugasInterProject\FugasInterProject\hero.h(14,6): error C2061: syntax error: identifier 'string'
C:\Users\Pavlo\source\repos\FugasInterProject\FugasInterProject\hero.h(16,7): error C2039: 'string': is not a member of 'std'
C:\Program Files\Microsoft Visual Studio\2022\Community\VC\Tools\MSVC\14.30.30705\include\ctime(21): message : see declaration of 'std'
C:\Users\Pavlo\source\repos\FugasInterProject\FugasInterProject\hero.h(16,14): error C3646: 'getName': unknown override specifier
C:\Users\Pavlo\source\repos\FugasInterProject\FugasInterProject\hero.h(16,21): error C2059: syntax error: '('
C:\Users\Pavlo\source\repos\FugasInterProject\FugasInterProject\hero.h(16,23): error C2238: unexpected token(s) preceding ';'
C:\Users\Pavlo\source\repos\FugasInterProject\FugasInterProject\hero.h(22,14): error C2039: 'ostream': is not a member of 'std'
C:\Program Files\Microsoft Visual Studio\2022\Community\VC\Tools\MSVC\14.30.30705\include\ctime(21): message : see declaration of 'std'
C:\Users\Pavlo\source\repos\FugasInterProject\FugasInterProject\hero.h(22,21): error C2143: syntax error: missing ';' before '&'
C:\Users\Pavlo\source\repos\FugasInterProject\FugasInterProject\hero.h(22,21): error C2433: 'ostream': 'friend' not permitted on data declarations
C:\Users\Pavlo\source\repos\FugasInterProject\FugasInterProject\hero.h(22,21): error C4430: missing type specifier - int assumed. Note: C++ does not support default-int
C:\Users\Pavlo\source\repos\FugasInterProject\FugasInterProject\hero.h(22,40): error C2039: 'ostream': is not a member of 'std'
C:\Program Files\Microsoft Visual Studio\2022\Community\VC\Tools\MSVC\14.30.30705\include\ctime(21): message : see declaration of 'std'
C:\Users\Pavlo\source\repos\FugasInterProject\FugasInterProject\hero.h(22,71): error C2238: unexpected token(s) preceding ';'
C:\Users\Pavlo\source\repos\FugasInterProject\FugasInterProject\team.h(7,7): error C2039: 'string': is not a member of 'std'
C:\Program Files\Microsoft Visual Studio\2022\Community\VC\Tools\MSVC\14.30.30705\include\ctime(21): message : see declaration of 'std'
C:\Users\Pavlo\source\repos\FugasInterProject\FugasInterProject\team.h(7,14): error C3646: 'name': unknown override specifier
C:\Users\Pavlo\source\repos\FugasInterProject\FugasInterProject\team.h(7,18): error C4430: missing type specifier - int assumed. Note: C++ does not support default-int
C:\Users\Pavlo\source\repos\FugasInterProject\FugasInterProject\team.h(8,9): error C3646: 'players': unknown override specifier
C:\Users\Pavlo\source\repos\FugasInterProject\FugasInterProject\team.h(8,16): error C2143: syntax error: missing ',' before '['
C:\Users\Pavlo\source\repos\FugasInterProject\FugasInterProject\team.h(8,19): error C2238: unexpected token(s) preceding ';'
C:\Users\Pavlo\source\repos\FugasInterProject\FugasInterProject\team.h(13,12): error C2039: 'string': is not a member of 'std'
C:\Program Files\Microsoft Visual Studio\2022\Community\VC\Tools\MSVC\14.30.30705\include\ctime(21): message : see declaration of 'std'
C:\Users\Pavlo\source\repos\FugasInterProject\FugasInterProject\team.h(13,6): error C2061: syntax error: identifier 'string'
C:\Users\Pavlo\source\repos\FugasInterProject\FugasInterProject\team.h(13,6): error C2535: 'Team::Team(void)': member function already defined or declared
C:\Users\Pavlo\source\repos\FugasInterProject\FugasInterProject\team.h(11): message : see declaration of 'Team::Team'
C:\Users\Pavlo\source\repos\FugasInterProject\FugasInterProject\team.h(15,12): error C2039: 'string': is not a member of 'std'
C:\Program Files\Microsoft Visual Studio\2022\Community\VC\Tools\MSVC\14.30.30705\include\ctime(21): message : see declaration of 'std'
C:\Users\Pavlo\source\repos\FugasInterProject\FugasInterProject\team.h(15,6): error C2061: syntax error: identifier 'string'
C:\Users\Pavlo\source\repos\FugasInterProject\FugasInterProject\team.h(15,6): error C2535: 'Team::Team(void)': member function already defined or declared
C:\Users\Pavlo\source\repos\FugasInterProject\FugasInterProject\team.h(11): message : see declaration of 'Team::Team'
C:\Users\Pavlo\source\repos\FugasInterProject\FugasInterProject\player.h(10,7): error C2039: 'string': is not a member of 'std'
C:\Program Files\Microsoft Visual Studio\2022\Community\VC\Tools\MSVC\14.30.30705\include\ctime(21): message : see declaration of 'std'
C:\Users\Pavlo\source\repos\FugasInterProject\FugasInterProject\player.h(10,14): error C3646: 'name': unknown override specifier
C:\Users\Pavlo\source\repos\FugasInterProject\FugasInterProject\player.h(10,18): error C4430: missing type specifier - int assumed. Note: C++ does not support default-int
C:\Users\Pavlo\source\repos\FugasInterProject\FugasInterProject\player.h(14,22): error C2039: 'string': is not a member of 'std'
C:\Program Files\Microsoft Visual Studio\2022\Community\VC\Tools\MSVC\14.30.30705\include\ctime(21): message : see declaration of 'std'
C:\Users\Pavlo\source\repos\FugasInterProject\FugasInterProject\player.h(14,8): error C2061: syntax error: identifier 'string'
C:\Users\Pavlo\source\repos\FugasInterProject\FugasInterProject\player.h(16,7): error C2039: 'string': is not a member of 'std'
C:\Program Files\Microsoft Visual Studio\2022\Community\VC\Tools\MSVC\14.30.30705\include\ctime(21): message : see declaration of 'std'
C:\Users\Pavlo\source\repos\FugasInterProject\FugasInterProject\player.h(16,14): error C3646: 'getName': unknown override specifier
C:\Users\Pavlo\source\repos\FugasInterProject\FugasInterProject\player.h(16,21): error C2059: syntax error: '('
C:\Users\Pavlo\source\repos\FugasInterProject\FugasInterProject\player.h(16,23): error C2238: unexpected token(s) preceding ';'
C:\Users\Pavlo\source\repos\FugasInterProject\FugasInterProject\player.h(21,14): error C2039: 'ostream': is not a member of 'std'
C:\Program Files\Microsoft Visual Studio\2022\Community\VC\Tools\MSVC\14.30.30705\include\ctime(21): message : see declaration of 'std'
C:\Users\Pavlo\source\repos\FugasInterProject\FugasInterProject\player.h(21,21): error C2143: syntax error: missing ';' before '&'
C:\Users\Pavlo\source\repos\FugasInterProject\FugasInterProject\player.h(21,21): error C2433: 'ostream': 'friend' not permitted on data declarations
C:\Users\Pavlo\source\repos\FugasInterProject\FugasInterProject\player.h(21,21): error C4430: missing type specifier - int assumed. Note: C++ does not support default-int
C:\Users\Pavlo\source\repos\FugasInterProject\FugasInterProject\player.h(21,40): error C2039: 'ostream': is not a member of 'std'
C:\Program Files\Microsoft Visual Studio\2022\Community\VC\Tools\MSVC\14.30.30705\include\ctime(21): message : see declaration of 'std'
C:\Users\Pavlo\source\repos\FugasInterProject\FugasInterProject\player.h(21,75): error C2238: unexpected token(s) preceding ';'
C:\Users\Pavlo\source\repos\FugasInterProject\FugasInterProject\HeroManager.h(7,7): error C2039: 'vector': is not a member of 'std'
C:\Program Files\Microsoft Visual Studio\2022\Community\VC\Tools\MSVC\14.30.30705\include\ctime(21): message : see declaration of 'std'
C:\Users\Pavlo\source\repos\FugasInterProject\FugasInterProject\HeroManager.h(7,13): error C2143: syntax error: missing ';' before '<'
C:\Users\Pavlo\source\repos\FugasInterProject\FugasInterProject\HeroManager.h(7,13): error C4430: missing type specifier - int assumed. Note: C++ does not support default-int
C:\Users\Pavlo\source\repos\FugasInterProject\FugasInterProject\HeroManager.h(7,25): error C2334: unexpected token(s) preceding '{'; skipping apparent function body
C:\Users\Pavlo\source\repos\FugasInterProject\FugasInterProject\HeroManager.h(26,26): error C2039: 'string': is not a member of 'std'
C:\Program Files\Microsoft Visual Studio\2022\Community\VC\Tools\MSVC\14.30.30705\include\ctime(21): message : see declaration of 'std'
C:\Users\Pavlo\source\repos\FugasInterProject\FugasInterProject\HeroManager.h(26,33): error C2061: syntax error: identifier 'string'
C:\Users\Pavlo\source\repos\FugasInterProject\FugasInterProject\PlayerManager.h(9,7): error C2039: 'vector': is not a member of 'std'
C:\Program Files\Microsoft Visual Studio\2022\Community\VC\Tools\MSVC\14.30.30705\include\ctime(21): message : see declaration of 'std'
C:\Users\Pavlo\source\repos\FugasInterProject\FugasInterProject\PlayerManager.h(9,13): error C2143: syntax error: missing ';' before '<'
C:\Users\Pavlo\source\repos\FugasInterProject\FugasInterProject\PlayerManager.h(9,13): error C4430: missing type specifier - int assumed. Note: C++ does not support default-int
C:\Users\Pavlo\source\repos\FugasInterProject\FugasInterProject\PlayerManager.h(9,29): error C2334: unexpected token(s) preceding '{'; skipping apparent function body
C:\Users\Pavlo\source\repos\FugasInterProject\FugasInterProject\PlayerManager.h(33,33): error C2039: 'string': is not a member of 'std'
C:\Program Files\Microsoft Visual Studio\2022\Community\VC\Tools\MSVC\14.30.30705\include\ctime(21): message : see declaration of 'std'
C:\Users\Pavlo\source\repos\FugasInterProject\FugasInterProject\PlayerManager.h(33,40): error C2061: syntax error: identifier 'string'
C:\Users\Pavlo\source\repos\FugasInterProject\FugasInterProject\TeamManager.h(11,28): error C2039: 'string': is not a member of 'std'
C:\Program Files\Microsoft Visual Studio\2022\Community\VC\Tools\MSVC\14.30.30705\include\ctime(21): message : see declaration of 'std'
C:\Users\Pavlo\source\repos\FugasInterProject\FugasInterProject\TeamManager.h(11,35): error C2061: syntax error: identifier 'string'
C:\Users\Pavlo\source\repos\FugasInterProject\FugasInterProject\game.h(29,12): error C2065: 'Session': undeclared identifier
C:\Users\Pavlo\source\repos\FugasInterProject\FugasInterProject\game.h(29,7): error C2923: 'std::list': 'Session' is not a valid template type argument for parameter '_Ty'
C:\Users\Pavlo\source\repos\FugasInterProject\FugasInterProject\game.h(29): message : see declaration of 'Session'
C:\Users\Pavlo\source\repos\FugasInterProject\FugasInterProject\game.h(29,7): error C2976: 'std::list': too few template arguments
C:\Program Files\Microsoft Visual Studio\2022\Community\VC\Tools\MSVC\14.30.30705\include\list(754): message : see declaration of 'std::list'
C:\Users\Pavlo\source\repos\FugasInterProject\FugasInterProject\Session.cpp(46,39): error C2039: 'name': is not a member of 'Team'
C:\Users\Pavlo\source\repos\FugasInterProject\FugasInterProject\team.h(4): message : see declaration of 'Team'
  team.cpp
C:\Users\Pavlo\source\repos\FugasInterProject\FugasInterProject\hero.h(9,7): error C2039: 'string': is not a member of 'std'
C:\Users\Pavlo\source\repos\FugasInterProject\FugasInterProject\predefined C++ types (compiler internal)(340): message : see declaration of 'std'
C:\Users\Pavlo\source\repos\FugasInterProject\FugasInterProject\hero.h(9,14): error C3646: 'name': unknown override specifier
C:\Users\Pavlo\source\repos\FugasInterProject\FugasInterProject\hero.h(9,18): error C4430: missing type specifier - int assumed. Note: C++ does not support default-int
C:\Users\Pavlo\source\repos\FugasInterProject\FugasInterProject\hero.h(14,20): error C2039: 'string': is not a member of 'std'
C:\Users\Pavlo\source\repos\FugasInterProject\FugasInterProject\predefined C++ types (compiler internal)(340): message : see declaration of 'std'
C:\Users\Pavlo\source\repos\FugasInterProject\FugasInterProject\hero.h(14,6): error C2061: syntax error: identifier 'string'
C:\Users\Pavlo\source\repos\FugasInterProject\FugasInterProject\hero.h(16,7): error C2039: 'string': is not a member of 'std'
C:\Users\Pavlo\source\repos\FugasInterProject\FugasInterProject\predefined C++ types (compiler internal)(340): message : see declaration of 'std'
C:\Users\Pavlo\source\repos\FugasInterProject\FugasInterProject\hero.h(16,14): error C3646: 'getName': unknown override specifier
C:\Users\Pavlo\source\repos\FugasInterProject\FugasInterProject\hero.h(16,21): error C2059: syntax error: '('
C:\Users\Pavlo\source\repos\FugasInterProject\FugasInterProject\hero.h(16,23): error C2238: unexpected token(s) preceding ';'
C:\Users\Pavlo\source\repos\FugasInterProject\FugasInterProject\hero.h(22,14): error C2039: 'ostream': is not a member of 'std'
C:\Users\Pavlo\source\repos\FugasInterProject\FugasInterProject\predefined C++ types (compiler internal)(340): message : see declaration of 'std'
C:\Users\Pavlo\source\repos\FugasInterProject\FugasInterProject\hero.h(22,21): error C2143: syntax error: missing ';' before '&'
C:\Users\Pavlo\source\repos\FugasInterProject\FugasInterProject\hero.h(22,21): error C2433: 'ostream': 'friend' not permitted on data declarations
C:\Users\Pavlo\source\repos\FugasInterProject\FugasInterProject\hero.h(22,21): error C4430: missing type specifier - int assumed. Note: C++ does not support default-int
C:\Users\Pavlo\source\repos\FugasInterProject\FugasInterProject\hero.h(22,40): error C2039: 'ostream': is not a member of 'std'
C:\Users\Pavlo\source\repos\FugasInterProject\FugasInterProject\predefined C++ types (compiler internal)(340): message : see declaration of 'std'
C:\Users\Pavlo\source\repos\FugasInterProject\FugasInterProject\hero.h(22,71): error C2238: unexpected token(s) preceding ';'
C:\Users\Pavlo\source\repos\FugasInterProject\FugasInterProject\player.h(10,7): error C2039: 'string': is not a member of 'std'
C:\Users\Pavlo\source\repos\FugasInterProject\FugasInterProject\predefined C++ types (compiler internal)(340): message : see declaration of 'std'
C:\Users\Pavlo\source\repos\FugasInterProject\FugasInterProject\player.h(10,14): error C3646: 'name': unknown override specifier
C:\Users\Pavlo\source\repos\FugasInterProject\FugasInterProject\player.h(10,18): error C4430: missing type specifier - int assumed. Note: C++ does not support default-int
C:\Users\Pavlo\source\repos\FugasInterProject\FugasInterProject\player.h(14,22): error C2039: 'string': is not a member of 'std'
C:\Users\Pavlo\source\repos\FugasInterProject\FugasInterProject\predefined C++ types (compiler internal)(340): message : see declaration of 'std'
C:\Users\Pavlo\source\repos\FugasInterProject\FugasInterProject\player.h(14,8): error C2061: syntax error: identifier 'string'
C:\Users\Pavlo\source\repos\FugasInterProject\FugasInterProject\player.h(16,7): error C2039: 'string': is not a member of 'std'
C:\Users\Pavlo\source\repos\FugasInterProject\FugasInterProject\predefined C++ types (compiler internal)(340): message : see declaration of 'std'
C:\Users\Pavlo\source\repos\FugasInterProject\FugasInterProject\player.h(16,14): error C3646: 'getName': unknown override specifier
C:\Users\Pavlo\source\repos\FugasInterProject\FugasInterProject\player.h(16,21): error C2059: syntax error: '('
C:\Users\Pavlo\source\repos\FugasInterProject\FugasInterProject\player.h(16,23): error C2238: unexpected token(s) preceding ';'
C:\Users\Pavlo\source\repos\FugasInterProject\FugasInterProject\player.h(21,14): error C2039: 'ostream': is not a member of 'std'
C:\Users\Pavlo\source\repos\FugasInterProject\FugasInterProject\predefined C++ types (compiler internal)(340): message : see declaration of 'std'
C:\Users\Pavlo\source\repos\FugasInterProject\FugasInterProject\player.h(21,21): error C2143: syntax error: missing ';' before '&'
C:\Users\Pavlo\source\repos\FugasInterProject\FugasInterProject\player.h(21,21): error C2433: 'ostream': 'friend' not permitted on data declarations
C:\Users\Pavlo\source\repos\FugasInterProject\FugasInterProject\player.h(21,21): error C4430: missing type specifier - int assumed. Note: C++ does not support default-int
C:\Users\Pavlo\source\repos\FugasInterProject\FugasInterProject\player.h(21,40): error C2039: 'ostream': is not a member of 'std'
C:\Users\Pavlo\source\repos\FugasInterProject\FugasInterProject\predefined C++ types (compiler internal)(340): message : see declaration of 'std'
C:\Users\Pavlo\source\repos\FugasInterProject\FugasInterProject\player.h(21,75): error C2238: unexpected token(s) preceding ';'
C:\Users\Pavlo\source\repos\FugasInterProject\FugasInterProject\HeroManager.h(7,7): error C2039: 'vector': is not a member of 'std'
C:\Users\Pavlo\source\repos\FugasInterProject\FugasInterProject\predefined C++ types (compiler internal)(340): message : see declaration of 'std'
C:\Users\Pavlo\source\repos\FugasInterProject\FugasInterProject\HeroManager.h(7,13): error C2143: syntax error: missing ';' before '<'
C:\Users\Pavlo\source\repos\FugasInterProject\FugasInterProject\HeroManager.h(7,13): error C4430: missing type specifier - int assumed. Note: C++ does not support default-int
C:\Users\Pavlo\source\repos\FugasInterProject\FugasInterProject\HeroManager.h(7,25): error C2334: unexpected token(s) preceding '{'; skipping apparent function body
C:\Users\Pavlo\source\repos\FugasInterProject\FugasInterProject\HeroManager.h(26,26): error C2039: 'string': is not a member of 'std'
C:\Users\Pavlo\source\repos\FugasInterProject\FugasInterProject\predefined C++ types (compiler internal)(340): message : see declaration of 'std'
C:\Users\Pavlo\source\repos\FugasInterProject\FugasInterProject\HeroManager.h(26,33): error C2061: syntax error: identifier 'string'
C:\Users\Pavlo\source\repos\FugasInterProject\FugasInterProject\PlayerManager.h(9,7): error C2039: 'vector': is not a member of 'std'
C:\Users\Pavlo\source\repos\FugasInterProject\FugasInterProject\predefined C++ types (compiler internal)(340): message : see declaration of 'std'
C:\Users\Pavlo\source\repos\FugasInterProject\FugasInterProject\PlayerManager.h(9,13): error C2143: syntax error: missing ';' before '<'
C:\Users\Pavlo\source\repos\FugasInterProject\FugasInterProject\PlayerManager.h(9,13): error C4430: missing type specifier - int assumed. Note: C++ does not support default-int
C:\Users\Pavlo\source\repos\FugasInterProject\FugasInterProject\PlayerManager.h(9,29): error C2334: unexpected token(s) preceding '{'; skipping apparent function body
C:\Users\Pavlo\source\repos\FugasInterProject\FugasInterProject\PlayerManager.h(33,33): error C2039: 'string': is not a member of 'std'
C:\Users\Pavlo\source\repos\FugasInterProject\FugasInterProject\predefined C++ types (compiler internal)(340): message : see declaration of 'std'
C:\Users\Pavlo\source\repos\FugasInterProject\FugasInterProject\PlayerManager.h(33,40): error C2061: syntax error: identifier 'string'
C:\Users\Pavlo\source\repos\FugasInterProject\FugasInterProject\Session.h(10,10): error C3646: 'winner': unknown override specifier
C:\Users\Pavlo\source\repos\FugasInterProject\FugasInterProject\Session.h(10,16): error C4430: missing type specifier - int assumed. Note: C++ does not support default-int
C:\Users\Pavlo\source\repos\FugasInterProject\FugasInterProject\Session.h(11,10): error C3646: 'teamOne': unknown override specifier
C:\Users\Pavlo\source\repos\FugasInterProject\FugasInterProject\Session.h(11,17): error C4430: missing type specifier - int assumed. Note: C++ does not support default-int
C:\Users\Pavlo\source\repos\FugasInterProject\FugasInterProject\Session.h(12,10): error C3646: 'teamTwo': unknown override specifier
C:\Users\Pavlo\source\repos\FugasInterProject\FugasInterProject\Session.h(12,17): error C4430: missing type specifier - int assumed. Note: C++ does not support default-int
C:\Users\Pavlo\source\repos\FugasInterProject\FugasInterProject\Session.h(13,10): error C3646: 'loser': unknown override specifier
C:\Users\Pavlo\source\repos\FugasInterProject\FugasInterProject\Session.h(13,15): error C4430: missing type specifier - int assumed. Note: C++ does not support default-int
C:\Users\Pavlo\source\repos\FugasInterProject\FugasInterProject\Session.h(18,19): error C2061: syntax error: identifier 'Team'
C:\Users\Pavlo\source\repos\FugasInterProject\FugasInterProject\Session.h(20,23): error C2061: syntax error: identifier 'Team'
C:\Users\Pavlo\source\repos\FugasInterProject\FugasInterProject\TeamManager.h(11,7): error C3646: 'generateNewTeam': unknown override specifier
C:\Users\Pavlo\source\repos\FugasInterProject\FugasInterProject\TeamManager.h(11,22): error C2059: syntax error: '('
C:\Users\Pavlo\source\repos\FugasInterProject\FugasInterProject\TeamManager.h(11,28): error C2039: 'string': is not a member of 'std'
C:\Program Files\Microsoft Visual Studio\2022\Community\VC\Tools\MSVC\14.30.30705\include\ctime(21): message : see declaration of 'std'
C:\Users\Pavlo\source\repos\FugasInterProject\FugasInterProject\TeamManager.h(11,44): error C2238: unexpected token(s) preceding ';'
C:\Users\Pavlo\source\repos\FugasInterProject\FugasInterProject\TeamManager.h(13,19): error C2061: syntax error: identifier 'Team'
C:\Users\Pavlo\source\repos\FugasInterProject\FugasInterProject\game.h(26,15): error C2061: syntax error: identifier 'Team'
C:\Users\Pavlo\source\repos\FugasInterProject\FugasInterProject\game.h(27,18): error C2061: syntax error: identifier 'Team'
  TeamManager.cpp
C:\Users\Pavlo\source\repos\FugasInterProject\FugasInterProject\hero.h(9,7): error C2039: 'string': is not a member of 'std'
C:\Users\Pavlo\source\repos\FugasInterProject\FugasInterProject\predefined C++ types (compiler internal)(340): message : see declaration of 'std'
C:\Users\Pavlo\source\repos\FugasInterProject\FugasInterProject\hero.h(9,14): error C3646: 'name': unknown override specifier
C:\Users\Pavlo\source\repos\FugasInterProject\FugasInterProject\hero.h(9,18): error C4430: missing type specifier - int assumed. Note: C++ does not support default-int
C:\Users\Pavlo\source\repos\FugasInterProject\FugasInterProject\hero.h(14,20): error C2039: 'string': is not a member of 'std'
C:\Users\Pavlo\source\repos\FugasInterProject\FugasInterProject\predefined C++ types (compiler internal)(340): message : see declaration of 'std'
C:\Users\Pavlo\source\repos\FugasInterProject\FugasInterProject\hero.h(14,6): error C2061: syntax error: identifier 'string'
C:\Users\Pavlo\source\repos\FugasInterProject\FugasInterProject\hero.h(16,7): error C2039: 'string': is not a member of 'std'
C:\Users\Pavlo\source\repos\FugasInterProject\FugasInterProject\predefined C++ types (compiler internal)(340): message : see declaration of 'std'
C:\Users\Pavlo\source\repos\FugasInterProject\FugasInterProject\hero.h(16,14): error C3646: 'getName': unknown override specifier
C:\Users\Pavlo\source\repos\FugasInterProject\FugasInterProject\hero.h(16,21): error C2059: syntax error: '('
C:\Users\Pavlo\source\repos\FugasInterProject\FugasInterProject\hero.h(16,23): error C2238: unexpected token(s) preceding ';'
C:\Users\Pavlo\source\repos\FugasInterProject\FugasInterProject\hero.h(22,14): error C2039: 'ostream': is not a member of 'std'
C:\Users\Pavlo\source\repos\FugasInterProject\FugasInterProject\predefined C++ types (compiler internal)(340): message : see declaration of 'std'
C:\Users\Pavlo\source\repos\FugasInterProject\FugasInterProject\hero.h(22,21): error C2143: syntax error: missing ';' before '&'
C:\Users\Pavlo\source\repos\FugasInterProject\FugasInterProject\hero.h(22,21): error C2433: 'ostream': 'friend' not permitted on data declarations
C:\Users\Pavlo\source\repos\FugasInterProject\FugasInterProject\hero.h(22,21): error C4430: missing type specifier - int assumed. Note: C++ does not support default-int
C:\Users\Pavlo\source\repos\FugasInterProject\FugasInterProject\hero.h(22,40): error C2039: 'ostream': is not a member of 'std'
C:\Users\Pavlo\source\repos\FugasInterProject\FugasInterProject\predefined C++ types (compiler internal)(340): message : see declaration of 'std'
C:\Users\Pavlo\source\repos\FugasInterProject\FugasInterProject\hero.h(22,71): error C2238: unexpected token(s) preceding ';'
C:\Users\Pavlo\source\repos\FugasInterProject\FugasInterProject\team.h(7,7): error C2039: 'string': is not a member of 'std'
C:\Users\Pavlo\source\repos\FugasInterProject\FugasInterProject\predefined C++ types (compiler internal)(340): message : see declaration of 'std'
C:\Users\Pavlo\source\repos\FugasInterProject\FugasInterProject\team.h(7,14): error C3646: 'name': unknown override specifier
C:\Users\Pavlo\source\repos\FugasInterProject\FugasInterProject\team.h(7,18): error C4430: missing type specifier - int assumed. Note: C++ does not support default-int
C:\Users\Pavlo\source\repos\FugasInterProject\FugasInterProject\team.h(8,9): error C3646: 'players': unknown override specifier
C:\Users\Pavlo\source\repos\FugasInterProject\FugasInterProject\team.h(8,16): error C2143: syntax error: missing ',' before '['
C:\Users\Pavlo\source\repos\FugasInterProject\FugasInterProject\team.h(8,19): error C2238: unexpected token(s) preceding ';'
C:\Users\Pavlo\source\repos\FugasInterProject\FugasInterProject\team.h(13,12): error C2039: 'string': is not a member of 'std'
C:\Users\Pavlo\source\repos\FugasInterProject\FugasInterProject\predefined C++ types (compiler internal)(340): message : see declaration of 'std'
C:\Users\Pavlo\source\repos\FugasInterProject\FugasInterProject\team.h(13,6): error C2061: syntax error: identifier 'string'
C:\Users\Pavlo\source\repos\FugasInterProject\FugasInterProject\team.h(13,6): error C2535: 'Team::Team(void)': member function already defined or declared
C:\Users\Pavlo\source\repos\FugasInterProject\FugasInterProject\team.h(11): message : see declaration of 'Team::Team'
C:\Users\Pavlo\source\repos\FugasInterProject\FugasInterProject\team.h(15,12): error C2039: 'string': is not a member of 'std'
C:\Users\Pavlo\source\repos\FugasInterProject\FugasInterProject\predefined C++ types (compiler internal)(340): message : see declaration of 'std'
C:\Users\Pavlo\source\repos\FugasInterProject\FugasInterProject\team.h(15,6): error C2061: syntax error: identifier 'string'
C:\Users\Pavlo\source\repos\FugasInterProject\FugasInterProject\team.h(15,6): error C2535: 'Team::Team(void)': member function already defined or declared
C:\Users\Pavlo\source\repos\FugasInterProject\FugasInterProject\team.h(11): message : see declaration of 'Team::Team'
C:\Users\Pavlo\source\repos\FugasInterProject\FugasInterProject\player.h(10,7): error C2039: 'string': is not a member of 'std'
C:\Users\Pavlo\source\repos\FugasInterProject\FugasInterProject\predefined C++ types (compiler internal)(340): message : see declaration of 'std'
C:\Users\Pavlo\source\repos\FugasInterProject\FugasInterProject\player.h(10,14): error C3646: 'name': unknown override specifier
C:\Users\Pavlo\source\repos\FugasInterProject\FugasInterProject\player.h(10,18): error C4430: missing type specifier - int assumed. Note: C++ does not support default-int
C:\Users\Pavlo\source\repos\FugasInterProject\FugasInterProject\player.h(14,22): error C2039: 'string': is not a member of 'std'
C:\Users\Pavlo\source\repos\FugasInterProject\FugasInterProject\predefined C++ types (compiler internal)(340): message : see declaration of 'std'
C:\Users\Pavlo\source\repos\FugasInterProject\FugasInterProject\player.h(14,8): error C2061: syntax error: identifier 'string'
C:\Users\Pavlo\source\repos\FugasInterProject\FugasInterProject\player.h(16,7): error C2039: 'string': is not a member of 'std'
C:\Users\Pavlo\source\repos\FugasInterProject\FugasInterProject\predefined C++ types (compiler internal)(340): message : see declaration of 'std'
C:\Users\Pavlo\source\repos\FugasInterProject\FugasInterProject\player.h(16,14): error C3646: 'getName': unknown override specifier
C:\Users\Pavlo\source\repos\FugasInterProject\FugasInterProject\player.h(16,21): error C2059: syntax error: '('
C:\Users\Pavlo\source\repos\FugasInterProject\FugasInterProject\player.h(16,23): error C2238: unexpected token(s) preceding ';'
C:\Users\Pavlo\source\repos\FugasInterProject\FugasInterProject\player.h(21,14): error C2039: 'ostream': is not a member of 'std'
C:\Users\Pavlo\source\repos\FugasInterProject\FugasInterProject\predefined C++ types (compiler internal)(340): message : see declaration of 'std'
C:\Users\Pavlo\source\repos\FugasInterProject\FugasInterProject\player.h(21,21): error C2143: syntax error: missing ';' before '&'
C:\Users\Pavlo\source\repos\FugasInterProject\FugasInterProject\player.h(21,21): error C2433: 'ostream': 'friend' not permitted on data declarations
C:\Users\Pavlo\source\repos\FugasInterProject\FugasInterProject\player.h(21,21): error C4430: missing type specifier - int assumed. Note: C++ does not support default-int
C:\Users\Pavlo\source\repos\FugasInterProject\FugasInterProject\player.h(21,40): error C2039: 'ostream': is not a member of 'std'
C:\Users\Pavlo\source\repos\FugasInterProject\FugasInterProject\predefined C++ types (compiler internal)(340): message : see declaration of 'std'
C:\Users\Pavlo\source\repos\FugasInterProject\FugasInterProject\player.h(21,75): error C2238: unexpected token(s) preceding ';'
C:\Users\Pavlo\source\repos\FugasInterProject\FugasInterProject\HeroManager.h(7,7): error C2039: 'vector': is not a member of 'std'
C:\Users\Pavlo\source\repos\FugasInterProject\FugasInterProject\predefined C++ types (compiler internal)(340): message : see declaration of 'std'
C:\Users\Pavlo\source\repos\FugasInterProject\FugasInterProject\HeroManager.h(7,13): error C2143: syntax error: missing ';' before '<'
C:\Users\Pavlo\source\repos\FugasInterProject\FugasInterProject\HeroManager.h(7,13): error C4430: missing type specifier - int assumed. Note: C++ does not support default-int
C:\Users\Pavlo\source\repos\FugasInterProject\FugasInterProject\HeroManager.h(7,25): error C2334: unexpected token(s) preceding '{'; skipping apparent function body
C:\Users\Pavlo\source\repos\FugasInterProject\FugasInterProject\HeroManager.h(26,26): error C2039: 'string': is not a member of 'std'
C:\Users\Pavlo\source\repos\FugasInterProject\FugasInterProject\predefined C++ types (compiler internal)(340): message : see declaration of 'std'
C:\Users\Pavlo\source\repos\FugasInterProject\FugasInterProject\HeroManager.h(26,33): error C2061: syntax error: identifier 'string'
C:\Users\Pavlo\source\repos\FugasInterProject\FugasInterProject\PlayerManager.h(9,7): error C2039: 'vector': is not a member of 'std'
C:\Users\Pavlo\source\repos\FugasInterProject\FugasInterProject\predefined C++ types (compiler internal)(340): message : see declaration of 'std'
C:\Users\Pavlo\source\repos\FugasInterProject\FugasInterProject\PlayerManager.h(9,13): error C2143: syntax error: missing ';' before '<'
C:\Users\Pavlo\source\repos\FugasInterProject\FugasInterProject\PlayerManager.h(9,13): error C4430: missing type specifier - int assumed. Note: C++ does not support default-int
C:\Users\Pavlo\source\repos\FugasInterProject\FugasInterProject\PlayerManager.h(9,29): error C2334: unexpected token(s) preceding '{'; skipping apparent function body
C:\Users\Pavlo\source\repos\FugasInterProject\FugasInterProject\PlayerManager.h(33,33): error C2039: 'string': is not a member of 'std'
C:\Users\Pavlo\source\repos\FugasInterProject\FugasInterProject\predefined C++ types (compiler internal)(340): message : see declaration of 'std'
C:\Users\Pavlo\source\repos\FugasInterProject\FugasInterProject\PlayerManager.h(33,40): error C2061: syntax error: identifier 'string'
C:\Users\Pavlo\source\repos\FugasInterProject\FugasInterProject\TeamManager.cpp(26,37): error C2661: 'Team::Team': no overloaded function takes 3 arguments
C:\Users\Pavlo\source\repos\FugasInterProject\FugasInterProject\TeamManager.cpp(36,32): error C2039: 'name': is not a member of 'Team'
C:\Users\Pavlo\source\repos\FugasInterProject\FugasInterProject\team.h(4): message : see declaration of 'Team'
C:\Users\Pavlo\source\repos\FugasInterProject\FugasInterProject\TeamManager.cpp(38,27): error C2039: 'players': is not a member of 'Team'
C:\Users\Pavlo\source\repos\FugasInterProject\FugasInterProject\team.h(4): message : see declaration of 'Team'
C:\Users\Pavlo\source\repos\FugasInterProject\FugasInterProject\TeamManager.cpp(38,2): error C3531: 'element': a symbol whose type contains 'auto' must have an initializer
C:\Users\Pavlo\source\repos\FugasInterProject\FugasInterProject\TeamManager.cpp(38,20): error C2143: syntax error: missing ';' before ':'
C:\Users\Pavlo\source\repos\FugasInterProject\FugasInterProject\TeamManager.cpp(38,34): error C2143: syntax error: missing ';' before ')'
  Generating Code...
